2020-05-01 10:41:55.412  INFO 1017 --- [main] cn.codewjj.Application                   : Starting Application on wangdeMacBook-Pro.local with PID 1017 (/Users/wang/Desktop/deployment/tiwen/java/target/classes started by wang in /Users/wang/Desktop/deployment/tiwen/java)
2020-05-01 10:41:55.421  INFO 1017 --- [main] cn.codewjj.Application                   : No active profile set, falling back to default profiles: default
2020-05-01 10:41:56.905  INFO 1017 --- [main] o.s.b.w.embedded.tomcat.TomcatWebServer  : Tomcat initialized with port(s): 18083 (http)
2020-05-01 10:41:56.921  INFO 1017 --- [main] o.apache.catalina.core.StandardService   : Starting service [Tomcat]
2020-05-01 10:41:56.921  INFO 1017 --- [main] org.apache.catalina.core.StandardEngine  : Starting Servlet engine: [Apache Tomcat/9.0.29]
2020-05-01 10:41:57.018  INFO 1017 --- [main] o.a.c.c.C.[Tomcat].[localhost].[/]       : Initializing Spring embedded WebApplicationContext
2020-05-01 10:41:57.019  INFO 1017 --- [main] o.s.web.context.ContextLoader            : Root WebApplicationContext: initialization completed in 1456 ms
2020-05-01 10:41:57.090  INFO 1017 --- [main] c.a.d.s.b.a.DruidDataSourceAutoConfigure : Init DruidDataSource
2020-05-01 10:41:57.272  INFO 1017 --- [main] com.alibaba.druid.pool.DruidDataSource   : {dataSource-1} inited
2020-05-01 10:41:57.807  INFO 1017 --- [main] o.s.s.concurrent.ThreadPoolTaskExecutor  : Initializing ExecutorService 'applicationTaskExecutor'
2020-05-01 10:41:57.990  INFO 1017 --- [main] o.s.s.c.ThreadPoolTaskScheduler          : Initializing ExecutorService 'taskScheduler'
2020-05-01 10:41:58.069  INFO 1017 --- [main] o.s.b.w.embedded.tomcat.TomcatWebServer  : Tomcat started on port(s): 18083 (http) with context path ''
2020-05-01 10:41:58.073  INFO 1017 --- [main] cn.codewjj.Application                   : Started Application in 3.608 seconds (JVM running for 4.798)
2020-05-01 10:43:12.008  INFO 1017 --- [scheduling-1] cn.codewjj.tiwen.time.DingShi            : 定时任务开始
2020-05-01 10:43:12.011  INFO 1017 --- [scheduling-1] cn.codewjj.tiwen.time.DingShi            : 定时任务结束
2020-05-01 10:43:12.011  INFO 1017 --- [time] cn.codewjj.tiwen.impl.StartRunnable      : 获取用户所有信息
2020-05-01 10:43:13.058  INFO 1017 --- [time] cn.codewjj.tiwen.impl.StartRunnable      : 3168122231开始打卡
2020-05-01 10:43:13.060  INFO 1017 --- [time] cn.codewjj.tiwen.impl.StartRunnable      : 3168112102开始打卡
2020-05-01 10:43:13.061  INFO 1017 --- [time] cn.codewjj.tiwen.impl.StartRunnable      : 3168116128开始打卡
2020-05-01 10:43:13.062  INFO 1017 --- [time] cn.codewjj.tiwen.impl.StartRunnable      : 3168122212开始打卡
2020-05-01 10:43:13.062  INFO 1017 --- [time] cn.codewjj.tiwen.impl.StartRunnable      : 3168116113开始打卡
2020-05-01 10:43:13.063  INFO 1017 --- [time] cn.codewjj.tiwen.impl.StartRunnable      : 3168116131开始打卡
2020-05-01 10:43:13.063  INFO 1017 --- [time] cn.codewjj.tiwen.impl.StartRunnable      : 3168116136开始打卡
2020-05-01 10:43:13.063  INFO 1017 --- [time] cn.codewjj.tiwen.impl.StartRunnable      : 3168112140开始打卡
2020-05-01 10:43:13.063  INFO 1017 --- [time] cn.codewjj.tiwen.impl.StartRunnable      : 3168116105开始打卡
2020-05-01 10:43:13.063  INFO 1017 --- [time] cn.codewjj.tiwen.impl.StartRunnable      : 3168116118开始打卡
2020-05-01 10:43:13.063  INFO 1017 --- [time] cn.codewjj.tiwen.impl.StartRunnable      : 3168112108开始打卡
2020-05-01 10:43:13.063  INFO 1017 --- [time] cn.codewjj.tiwen.impl.StartRunnable      : 3168116143开始打卡
2020-05-01 10:43:13.064  INFO 1017 --- [time] cn.codewjj.tiwen.impl.StartRunnable      : 3168115135开始打卡
2020-05-01 10:43:13.064  INFO 1017 --- [time] cn.codewjj.tiwen.impl.StartRunnable      : 3168116147开始打卡
2020-05-01 10:43:13.064  INFO 1017 --- [time] cn.codewjj.tiwen.impl.StartRunnable      : 3168116134开始打卡
2020-05-01 10:43:13.064  INFO 1017 --- [time] cn.codewjj.tiwen.impl.StartRunnable      : 3168116138开始打卡
2020-05-01 10:43:13.064  INFO 1017 --- [time] cn.codewjj.tiwen.impl.StartRunnable      : 3168116116开始打卡
2020-05-01 10:43:13.065  INFO 1017 --- [time] cn.codewjj.tiwen.impl.StartRunnable      : 3168111112开始打卡
2020-05-01 10:43:13.065  INFO 1017 --- [time] cn.codewjj.tiwen.impl.StartRunnable      : 3168116103开始打卡
2020-05-01 10:43:13.065  INFO 1017 --- [time] cn.codewjj.tiwen.impl.StartRunnable      : 3168116127开始打卡
2020-05-01 10:43:13.065  INFO 1017 --- [time] cn.codewjj.tiwen.impl.StartRunnable      : 3168122229开始打卡
2020-05-01 10:44:25.605  INFO 1017 --- [pool-2-thread-2] cn.codewjj.tiwen.impl.TimeCallable       : 登陆返回：{"result":"success","msg":"登录成功！","status":200,"data":{"tblPersonName":"林嘉若","tblSchoolId":"1","tblPersonOrgStructureId":"0","tblPersonSchoolClassId":"175","groupList":[],"needChangePwd":0,"tblPersonStudentClass":"1601","tblPersonType":"2","token":"eyJhbGciOiJIUzI1NiIsInR5cCI6IkpXVCJ9.eyJzdWIiOiJ0aGlzIGlzIGNvbW1vbiB0b2tlbiIsImF1ZCI6IldFQkFQUCIsImlzcyI6ImNldGNjaXR5IiwiZXhwIjoxNTg4MzQ0MjY1LCJ1c2VySWQiOjExMzgwLCJpYXQiOjE1ODgzMDEwNjV9.g8lie5azXXhW3urPMd18Drk-AJy7-0ATH9tMGwIOqL4","tblPersonId":"11380","tblPersonGender":0,"tblPersonContactNum":"13860637330","duty":"5","tblPersonStudentGrade":"市场营销","status":"1"}}
2020-05-01 10:44:25.608  INFO 1017 --- [pool-2-thread-2] cn.codewjj.tiwen.impl.TimeCallable       : 用户信息：{"tblPersonName":"林嘉若","tblSchoolId":"1","tblPersonOrgStructureId":"0","tblPersonSchoolClassId":"175","groupList":[],"needChangePwd":0,"tblPersonStudentClass":"1601","tblPersonType":"2","token":"eyJhbGciOiJIUzI1NiIsInR5cCI6IkpXVCJ9.eyJzdWIiOiJ0aGlzIGlzIGNvbW1vbiB0b2tlbiIsImF1ZCI6IldFQkFQUCIsImlzcyI6ImNldGNjaXR5IiwiZXhwIjoxNTg4MzQ0MjY1LCJ1c2VySWQiOjExMzgwLCJpYXQiOjE1ODgzMDEwNjV9.g8lie5azXXhW3urPMd18Drk-AJy7-0ATH9tMGwIOqL4","tblPersonId":"11380","tblPersonGender":0,"tblPersonContactNum":"13860637330","duty":"5","tblPersonStudentGrade":"市场营销","status":"1"}
2020-05-01 10:44:25.609  INFO 1017 --- [pool-2-thread-2] cn.codewjj.tiwen.impl.TimeCallable       : token获取eyJhbGciOiJIUzI1NiIsInR5cCI6IkpXVCJ9.eyJzdWIiOiJ0aGlzIGlzIGNvbW1vbiB0b2tlbiIsImF1ZCI6IldFQkFQUCIsImlzcyI6ImNldGNjaXR5IiwiZXhwIjoxNTg4MzQ0MjY1LCJ1c2VySWQiOjExMzgwLCJpYXQiOjE1ODgzMDEwNjV9.g8lie5azXXhW3urPMd18Drk-AJy7-0ATH9tMGwIOqL4
2020-05-01 10:44:25.711  INFO 1017 --- [pool-2-thread-2] cn.codewjj.tiwen.impl.TimeCallable       : 3168112102打卡成功===36.3
2020-05-01 10:45:00.300  INFO 1017 --- [pool-2-thread-1] cn.codewjj.tiwen.impl.TimeCallable       : 登陆返回：{"result":"success","msg":"登录成功！","status":200,"data":{"tblPersonName":"张淑英","tblSchoolId":"1","tblPersonOrgStructureId":"0","tblPersonSchoolClassId":"174","groupList":[],"needChangePwd":0,"tblPersonStudentClass":"1602","tblPersonType":"2","token":"eyJhbGciOiJIUzI1NiIsInR5cCI6IkpXVCJ9.eyJzdWIiOiJ0aGlzIGlzIGNvbW1vbiB0b2tlbiIsImF1ZCI6IldFQkFQUCIsImlzcyI6ImNldGNjaXR5IiwiZXhwIjoxNTg4MzQ0MzAwLCJ1c2VySWQiOjEzMDQwLCJpYXQiOjE1ODgzMDExMDB9.dwQZ7nWPk0GeWKVllbo-Tl1QWtjtxQLqqOcty-P3L_8","tblPersonId":"13040","tblPersonGender":0,"tblPersonContactNum":"18250890856","duty":"5","tblPersonStudentGrade":"视觉传达设计","status":"1"}}
2020-05-01 10:45:00.301  INFO 1017 --- [pool-2-thread-1] cn.codewjj.tiwen.impl.TimeCallable       : 用户信息：{"tblPersonName":"张淑英","tblSchoolId":"1","tblPersonOrgStructureId":"0","tblPersonSchoolClassId":"174","groupList":[],"needChangePwd":0,"tblPersonStudentClass":"1602","tblPersonType":"2","token":"eyJhbGciOiJIUzI1NiIsInR5cCI6IkpXVCJ9.eyJzdWIiOiJ0aGlzIGlzIGNvbW1vbiB0b2tlbiIsImF1ZCI6IldFQkFQUCIsImlzcyI6ImNldGNjaXR5IiwiZXhwIjoxNTg4MzQ0MzAwLCJ1c2VySWQiOjEzMDQwLCJpYXQiOjE1ODgzMDExMDB9.dwQZ7nWPk0GeWKVllbo-Tl1QWtjtxQLqqOcty-P3L_8","tblPersonId":"13040","tblPersonGender":0,"tblPersonContactNum":"18250890856","duty":"5","tblPersonStudentGrade":"视觉传达设计","status":"1"}
2020-05-01 10:45:00.301  INFO 1017 --- [pool-2-thread-1] cn.codewjj.tiwen.impl.TimeCallable       : token获取eyJhbGciOiJIUzI1NiIsInR5cCI6IkpXVCJ9.eyJzdWIiOiJ0aGlzIGlzIGNvbW1vbiB0b2tlbiIsImF1ZCI6IldFQkFQUCIsImlzcyI6ImNldGNjaXR5IiwiZXhwIjoxNTg4MzQ0MzAwLCJ1c2VySWQiOjEzMDQwLCJpYXQiOjE1ODgzMDExMDB9.dwQZ7nWPk0GeWKVllbo-Tl1QWtjtxQLqqOcty-P3L_8
2020-05-01 10:45:00.367  INFO 1017 --- [pool-2-thread-1] cn.codewjj.tiwen.impl.TimeCallable       : 3168122231打卡成功===36.6
2020-05-01 10:45:02.224  INFO 1017 --- [SpringContextShutdownHook] o.s.s.c.ThreadPoolTaskScheduler          : Shutting down ExecutorService 'taskScheduler'
2020-05-01 10:45:02.226  INFO 1017 --- [SpringContextShutdownHook] o.s.s.concurrent.ThreadPoolTaskExecutor  : Shutting down ExecutorService 'applicationTaskExecutor'
2020-05-01 10:45:02.227  INFO 1017 --- [SpringContextShutdownHook] com.alibaba.druid.pool.DruidDataSource   : {dataSource-1} closing ...
2020-05-01 10:45:02.232  INFO 1017 --- [SpringContextShutdownHook] com.alibaba.druid.pool.DruidDataSource   : {dataSource-1} closed
2020-05-01 10:50:04.721  INFO 1023 --- [main] cn.codewjj.Application                   : Starting Application on wangdeMacBook-Pro.local with PID 1023 (/Users/wang/Desktop/deployment/tiwen/java/target/classes started by wang in /Users/wang/Desktop/deployment/tiwen/java)
2020-05-01 10:50:04.724  INFO 1023 --- [main] cn.codewjj.Application                   : No active profile set, falling back to default profiles: default
2020-05-01 10:50:05.558  INFO 1023 --- [main] o.s.b.w.embedded.tomcat.TomcatWebServer  : Tomcat initialized with port(s): 18083 (http)
2020-05-01 10:50:05.565  INFO 1023 --- [main] o.apache.catalina.core.StandardService   : Starting service [Tomcat]
2020-05-01 10:50:05.566  INFO 1023 --- [main] org.apache.catalina.core.StandardEngine  : Starting Servlet engine: [Apache Tomcat/9.0.29]
2020-05-01 10:50:05.637  INFO 1023 --- [main] o.a.c.c.C.[Tomcat].[localhost].[/]       : Initializing Spring embedded WebApplicationContext
2020-05-01 10:50:05.637  INFO 1023 --- [main] o.s.web.context.ContextLoader            : Root WebApplicationContext: initialization completed in 848 ms
2020-05-01 10:50:05.689  INFO 1023 --- [main] c.a.d.s.b.a.DruidDataSourceAutoConfigure : Init DruidDataSource
2020-05-01 10:50:05.757  INFO 1023 --- [main] com.alibaba.druid.pool.DruidDataSource   : {dataSource-1} inited
2020-05-01 10:50:06.094  INFO 1023 --- [main] o.s.s.concurrent.ThreadPoolTaskExecutor  : Initializing ExecutorService 'applicationTaskExecutor'
2020-05-01 10:50:06.232  INFO 1023 --- [main] o.s.s.c.ThreadPoolTaskScheduler          : Initializing ExecutorService 'taskScheduler'
2020-05-01 10:50:06.307  INFO 1023 --- [main] o.s.b.w.embedded.tomcat.TomcatWebServer  : Tomcat started on port(s): 18083 (http) with context path ''
2020-05-01 10:50:06.312  INFO 1023 --- [main] cn.codewjj.Application                   : Started Application in 2.137 seconds (JVM running for 3.456)
2020-05-01 10:51:12.004  INFO 1023 --- [scheduling-1] cn.codewjj.tiwen.time.DingShi            : 定时任务开始
2020-05-01 10:51:12.007  INFO 1023 --- [scheduling-1] cn.codewjj.tiwen.time.DingShi            : 定时任务结束
2020-05-01 10:51:12.007  INFO 1023 --- [time] cn.codewjj.tiwen.impl.StartRunnable      : 获取用户所有信息
2020-05-01 10:51:12.008  INFO 1023 --- [time] cn.codewjj.tiwen.impl.StartRunnable      : 3168116136开始打卡
2020-05-01 10:51:41.542  INFO 1023 --- [pool-1-thread-1] cn.codewjj.tiwen.impl.TimeCallable       : 登陆返回：{"result":"success","msg":"登录成功！","status":200,"data":{"tblPersonName":"王俊杰","tblSchoolId":"1","tblPersonOrgStructureId":"0","tblPersonSchoolClassId":"182","groupList":[],"needChangePwd":0,"tblPersonStudentClass":"1601","tblPersonType":"2","token":"eyJhbGciOiJIUzI1NiIsInR5cCI6IkpXVCJ9.eyJzdWIiOiJ0aGlzIGlzIGNvbW1vbiB0b2tlbiIsImF1ZCI6IldFQkFQUCIsImlzcyI6ImNldGNjaXR5IiwiZXhwIjoxNTg4MzQ0NzAxLCJ1c2VySWQiOjExNDQ4LCJpYXQiOjE1ODgzMDE1MDF9.9SCg68BSQiV-vO9FJquI23lTKAGqffghrP_TRPtPBRk","tblPersonId":"11448","tblPersonGender":1,"tblPersonContactNum":"18860049235","duty":"5","tblPersonStudentGrade":"物联网工程","status":"1"}}
2020-05-01 10:51:41.546  INFO 1023 --- [pool-1-thread-1] cn.codewjj.tiwen.impl.TimeCallable       : 用户信息：{"tblPersonName":"王俊杰","tblSchoolId":"1","tblPersonOrgStructureId":"0","tblPersonSchoolClassId":"182","groupList":[],"needChangePwd":0,"tblPersonStudentClass":"1601","tblPersonType":"2","token":"eyJhbGciOiJIUzI1NiIsInR5cCI6IkpXVCJ9.eyJzdWIiOiJ0aGlzIGlzIGNvbW1vbiB0b2tlbiIsImF1ZCI6IldFQkFQUCIsImlzcyI6ImNldGNjaXR5IiwiZXhwIjoxNTg4MzQ0NzAxLCJ1c2VySWQiOjExNDQ4LCJpYXQiOjE1ODgzMDE1MDF9.9SCg68BSQiV-vO9FJquI23lTKAGqffghrP_TRPtPBRk","tblPersonId":"11448","tblPersonGender":1,"tblPersonContactNum":"18860049235","duty":"5","tblPersonStudentGrade":"物联网工程","status":"1"}
2020-05-01 10:51:41.546  INFO 1023 --- [pool-1-thread-1] cn.codewjj.tiwen.impl.TimeCallable       : token获取eyJhbGciOiJIUzI1NiIsInR5cCI6IkpXVCJ9.eyJzdWIiOiJ0aGlzIGlzIGNvbW1vbiB0b2tlbiIsImF1ZCI6IldFQkFQUCIsImlzcyI6ImNldGNjaXR5IiwiZXhwIjoxNTg4MzQ0NzAxLCJ1c2VySWQiOjExNDQ4LCJpYXQiOjE1ODgzMDE1MDF9.9SCg68BSQiV-vO9FJquI23lTKAGqffghrP_TRPtPBRk
2020-05-01 10:51:41.601  INFO 1023 --- [pool-1-thread-1] cn.codewjj.tiwen.impl.TimeCallable       : 3168116136打卡成功===36.5
2020-05-01 10:52:44.589  INFO 1023 --- [SpringContextShutdownHook] o.s.s.c.ThreadPoolTaskScheduler          : Shutting down ExecutorService 'taskScheduler'
2020-05-01 10:52:44.591  INFO 1023 --- [SpringContextShutdownHook] o.s.s.concurrent.ThreadPoolTaskExecutor  : Shutting down ExecutorService 'applicationTaskExecutor'
2020-05-01 10:52:44.592  INFO 1023 --- [SpringContextShutdownHook] com.alibaba.druid.pool.DruidDataSource   : {dataSource-1} closing ...
2020-05-01 10:52:44.597  INFO 1023 --- [SpringContextShutdownHook] com.alibaba.druid.pool.DruidDataSource   : {dataSource-1} closed
2020-05-01 10:52:55.627  INFO 1172 --- [main] cn.codewjj.Application                   : Starting Application on wangdeMacBook-Pro.local with PID 1172 (/Users/wang/Desktop/deployment/tiwen/java/target/classes started by wang in /Users/wang/Desktop/deployment/tiwen/java)
2020-05-01 10:52:55.636  INFO 1172 --- [main] cn.codewjj.Application                   : No active profile set, falling back to default profiles: default
2020-05-01 10:52:57.426  INFO 1172 --- [main] o.s.b.w.embedded.tomcat.TomcatWebServer  : Tomcat initialized with port(s): 18083 (http)
2020-05-01 10:52:57.444  INFO 1172 --- [main] o.apache.catalina.core.StandardService   : Starting service [Tomcat]
2020-05-01 10:52:57.444  INFO 1172 --- [main] org.apache.catalina.core.StandardEngine  : Starting Servlet engine: [Apache Tomcat/9.0.29]
2020-05-01 10:52:57.632  INFO 1172 --- [main] o.a.c.c.C.[Tomcat].[localhost].[/]       : Initializing Spring embedded WebApplicationContext
2020-05-01 10:52:57.633  INFO 1172 --- [main] o.s.web.context.ContextLoader            : Root WebApplicationContext: initialization completed in 1808 ms
2020-05-01 10:52:57.734  INFO 1172 --- [main] c.a.d.s.b.a.DruidDataSourceAutoConfigure : Init DruidDataSource
2020-05-01 10:52:57.815  INFO 1172 --- [main] com.alibaba.druid.pool.DruidDataSource   : {dataSource-1} inited
2020-05-01 10:52:58.331  INFO 1172 --- [main] o.s.s.concurrent.ThreadPoolTaskExecutor  : Initializing ExecutorService 'applicationTaskExecutor'
2020-05-01 10:52:58.590  INFO 1172 --- [main] o.s.s.c.ThreadPoolTaskScheduler          : Initializing ExecutorService 'taskScheduler'
2020-05-01 10:52:58.730  INFO 1172 --- [main] o.s.b.w.embedded.tomcat.TomcatWebServer  : Tomcat started on port(s): 18083 (http) with context path ''
2020-05-01 10:52:58.737  INFO 1172 --- [main] cn.codewjj.Application                   : Started Application in 4.157 seconds (JVM running for 6.805)
2020-05-01 10:53:12.004  INFO 1172 --- [scheduling-1] cn.codewjj.tiwen.time.DingShi            : 定时任务开始
2020-05-01 10:53:12.007  INFO 1172 --- [scheduling-1] cn.codewjj.tiwen.time.DingShi            : 定时任务结束
2020-05-01 10:53:12.008  INFO 1172 --- [time] cn.codewjj.tiwen.impl.StartRunnable      : 获取用户所有信息
2020-05-01 10:53:12.008  INFO 1172 --- [time] cn.codewjj.tiwen.impl.StartRunnable      : 3168116136开始打卡
2020-05-01 10:54:39.718  INFO 1172 --- [pool-1-thread-1] cn.codewjj.tiwen.impl.TimeCallable       : 登陆返回：{"result":"success","msg":"登录成功！","status":200,"data":{"tblPersonName":"王俊杰","tblSchoolId":"1","tblPersonOrgStructureId":"0","tblPersonSchoolClassId":"182","groupList":[],"needChangePwd":0,"tblPersonStudentClass":"1601","tblPersonType":"2","token":"eyJhbGciOiJIUzI1NiIsInR5cCI6IkpXVCJ9.eyJzdWIiOiJ0aGlzIGlzIGNvbW1vbiB0b2tlbiIsImF1ZCI6IldFQkFQUCIsImlzcyI6ImNldGNjaXR5IiwiZXhwIjoxNTg4MzQ0ODc5LCJ1c2VySWQiOjExNDQ4LCJpYXQiOjE1ODgzMDE2Nzl9.DYxDfsBfIym5wM11ctc1EzaRpuB8bkVJgsmB-FRHkH4","tblPersonId":"11448","tblPersonGender":1,"tblPersonContactNum":"18860049235","duty":"5","tblPersonStudentGrade":"物联网工程","status":"1"}}
2020-05-01 10:54:39.722  INFO 1172 --- [pool-1-thread-1] cn.codewjj.tiwen.impl.TimeCallable       : 用户信息：{"tblPersonName":"王俊杰","tblSchoolId":"1","tblPersonOrgStructureId":"0","tblPersonSchoolClassId":"182","groupList":[],"needChangePwd":0,"tblPersonStudentClass":"1601","tblPersonType":"2","token":"eyJhbGciOiJIUzI1NiIsInR5cCI6IkpXVCJ9.eyJzdWIiOiJ0aGlzIGlzIGNvbW1vbiB0b2tlbiIsImF1ZCI6IldFQkFQUCIsImlzcyI6ImNldGNjaXR5IiwiZXhwIjoxNTg4MzQ0ODc5LCJ1c2VySWQiOjExNDQ4LCJpYXQiOjE1ODgzMDE2Nzl9.DYxDfsBfIym5wM11ctc1EzaRpuB8bkVJgsmB-FRHkH4","tblPersonId":"11448","tblPersonGender":1,"tblPersonContactNum":"18860049235","duty":"5","tblPersonStudentGrade":"物联网工程","status":"1"}
2020-05-01 10:54:39.722  INFO 1172 --- [pool-1-thread-1] cn.codewjj.tiwen.impl.TimeCallable       : token获取eyJhbGciOiJIUzI1NiIsInR5cCI6IkpXVCJ9.eyJzdWIiOiJ0aGlzIGlzIGNvbW1vbiB0b2tlbiIsImF1ZCI6IldFQkFQUCIsImlzcyI6ImNldGNjaXR5IiwiZXhwIjoxNTg4MzQ0ODc5LCJ1c2VySWQiOjExNDQ4LCJpYXQiOjE1ODgzMDE2Nzl9.DYxDfsBfIym5wM11ctc1EzaRpuB8bkVJgsmB-FRHkH4
2020-05-01 10:58:06.647  INFO 1172 --- [pool-1-thread-1] cn.codewjj.tiwen.impl.TimeCallable       : 3168116136打卡成功===36.5
2020-05-01 10:58:06.709  INFO 1172 --- [SpringContextShutdownHook] o.s.s.c.ThreadPoolTaskScheduler          : Shutting down ExecutorService 'taskScheduler'
2020-05-01 10:58:06.711  INFO 1172 --- [SpringContextShutdownHook] o.s.s.concurrent.ThreadPoolTaskExecutor  : Shutting down ExecutorService 'applicationTaskExecutor'
2020-05-01 10:58:06.711  INFO 1172 --- [SpringContextShutdownHook] com.alibaba.druid.pool.DruidDataSource   : {dataSource-1} closing ...
2020-05-01 10:58:06.713  INFO 1172 --- [SpringContextShutdownHook] com.alibaba.druid.pool.DruidDataSource   : {dataSource-1} closed
2020-05-01 10:58:12.475  INFO 1183 --- [main] cn.codewjj.Application                   : Starting Application on wangdeMacBook-Pro.local with PID 1183 (/Users/wang/Desktop/deployment/tiwen/java/target/classes started by wang in /Users/wang/Desktop/deployment/tiwen/java)
2020-05-01 10:58:12.479  INFO 1183 --- [main] cn.codewjj.Application                   : No active profile set, falling back to default profiles: default
2020-05-01 10:58:13.437  INFO 1183 --- [main] o.s.b.w.embedded.tomcat.TomcatWebServer  : Tomcat initialized with port(s): 18083 (http)
2020-05-01 10:58:13.446  INFO 1183 --- [main] o.apache.catalina.core.StandardService   : Starting service [Tomcat]
2020-05-01 10:58:13.447  INFO 1183 --- [main] org.apache.catalina.core.StandardEngine  : Starting Servlet engine: [Apache Tomcat/9.0.29]
2020-05-01 10:58:13.546  INFO 1183 --- [main] o.a.c.c.C.[Tomcat].[localhost].[/]       : Initializing Spring embedded WebApplicationContext
2020-05-01 10:58:13.546  INFO 1183 --- [main] o.s.web.context.ContextLoader            : Root WebApplicationContext: initialization completed in 1010 ms
2020-05-01 10:58:13.601  INFO 1183 --- [main] c.a.d.s.b.a.DruidDataSourceAutoConfigure : Init DruidDataSource
2020-05-01 10:58:13.685  INFO 1183 --- [main] com.alibaba.druid.pool.DruidDataSource   : {dataSource-1} inited
2020-05-01 10:58:14.079  INFO 1183 --- [main] o.s.s.concurrent.ThreadPoolTaskExecutor  : Initializing ExecutorService 'applicationTaskExecutor'
2020-05-01 10:58:14.225  INFO 1183 --- [main] o.s.s.c.ThreadPoolTaskScheduler          : Initializing ExecutorService 'taskScheduler'
2020-05-01 10:58:14.303  INFO 1183 --- [main] o.s.b.w.embedded.tomcat.TomcatWebServer  : Tomcat started on port(s): 18083 (http) with context path ''
2020-05-01 10:58:14.309  INFO 1183 --- [main] cn.codewjj.Application                   : Started Application in 2.581 seconds (JVM running for 4.266)
2020-05-01 10:59:12.006  INFO 1183 --- [scheduling-1] cn.codewjj.tiwen.time.DingShi            : 定时任务开始
2020-05-01 10:59:12.009  INFO 1183 --- [scheduling-1] cn.codewjj.tiwen.time.DingShi            : 定时任务结束
2020-05-01 10:59:12.010  INFO 1183 --- [time] cn.codewjj.tiwen.impl.StartRunnable      : 获取用户所有信息
2020-05-01 10:59:12.011  INFO 1183 --- [time] cn.codewjj.tiwen.impl.StartRunnable      : 3168116136开始打卡
2020-05-01 11:03:48.653  INFO 1183 --- [pool-1-thread-1] cn.codewjj.tiwen.impl.TimeCallable       : 登陆返回：{"result":"success","msg":"登录成功！","status":200,"data":{"tblPersonName":"王俊杰","tblSchoolId":"1","tblPersonOrgStructureId":"0","tblPersonSchoolClassId":"182","groupList":[],"needChangePwd":0,"tblPersonStudentClass":"1601","tblPersonType":"2","token":"eyJhbGciOiJIUzI1NiIsInR5cCI6IkpXVCJ9.eyJzdWIiOiJ0aGlzIGlzIGNvbW1vbiB0b2tlbiIsImF1ZCI6IldFQkFQUCIsImlzcyI6ImNldGNjaXR5IiwiZXhwIjoxNTg4MzQ1NDI4LCJ1c2VySWQiOjExNDQ4LCJpYXQiOjE1ODgzMDIyMjh9.9gq-bf7danXhPg33aSJh_isK0BY96fhBjIhLJgQilzQ","tblPersonId":"11448","tblPersonGender":1,"tblPersonContactNum":"18860049235","duty":"5","tblPersonStudentGrade":"物联网工程","status":"1"}}
2020-05-01 11:03:48.656  INFO 1183 --- [pool-1-thread-1] cn.codewjj.tiwen.impl.TimeCallable       : 用户信息：{"tblPersonName":"王俊杰","tblSchoolId":"1","tblPersonOrgStructureId":"0","tblPersonSchoolClassId":"182","groupList":[],"needChangePwd":0,"tblPersonStudentClass":"1601","tblPersonType":"2","token":"eyJhbGciOiJIUzI1NiIsInR5cCI6IkpXVCJ9.eyJzdWIiOiJ0aGlzIGlzIGNvbW1vbiB0b2tlbiIsImF1ZCI6IldFQkFQUCIsImlzcyI6ImNldGNjaXR5IiwiZXhwIjoxNTg4MzQ1NDI4LCJ1c2VySWQiOjExNDQ4LCJpYXQiOjE1ODgzMDIyMjh9.9gq-bf7danXhPg33aSJh_isK0BY96fhBjIhLJgQilzQ","tblPersonId":"11448","tblPersonGender":1,"tblPersonContactNum":"18860049235","duty":"5","tblPersonStudentGrade":"物联网工程","status":"1"}
2020-05-01 11:03:48.657  INFO 1183 --- [pool-1-thread-1] cn.codewjj.tiwen.impl.TimeCallable       : token获取eyJhbGciOiJIUzI1NiIsInR5cCI6IkpXVCJ9.eyJzdWIiOiJ0aGlzIGlzIGNvbW1vbiB0b2tlbiIsImF1ZCI6IldFQkFQUCIsImlzcyI6ImNldGNjaXR5IiwiZXhwIjoxNTg4MzQ1NDI4LCJ1c2VySWQiOjExNDQ4LCJpYXQiOjE1ODgzMDIyMjh9.9gq-bf7danXhPg33aSJh_isK0BY96fhBjIhLJgQilzQ
2020-05-01 11:13:44.638  INFO 1183 --- [pool-1-thread-1] cn.codewjj.tiwen.impl.TimeCallable       : 3168116136打卡成功===36.6
2020-05-01 11:13:44.694  INFO 1183 --- [SpringContextShutdownHook] o.s.s.c.ThreadPoolTaskScheduler          : Shutting down ExecutorService 'taskScheduler'
2020-05-01 11:13:44.697  INFO 1183 --- [SpringContextShutdownHook] o.s.s.concurrent.ThreadPoolTaskExecutor  : Shutting down ExecutorService 'applicationTaskExecutor'
2020-05-01 11:13:44.699  INFO 1183 --- [SpringContextShutdownHook] com.alibaba.druid.pool.DruidDataSource   : {dataSource-1} closing ...
2020-05-01 11:13:44.704  INFO 1183 --- [SpringContextShutdownHook] com.alibaba.druid.pool.DruidDataSource   : {dataSource-1} closed
2020-05-01 11:13:53.519  INFO 1200 --- [main] cn.codewjj.Application                   : Starting Application on wangdeMacBook-Pro.local with PID 1200 (/Users/wang/Desktop/deployment/tiwen/java/target/classes started by wang in /Users/wang/Desktop/deployment/tiwen/java)
2020-05-01 11:13:53.523  INFO 1200 --- [main] cn.codewjj.Application                   : No active profile set, falling back to default profiles: default
2020-05-01 11:13:54.523  INFO 1200 --- [main] o.s.b.w.embedded.tomcat.TomcatWebServer  : Tomcat initialized with port(s): 18083 (http)
2020-05-01 11:13:54.533  INFO 1200 --- [main] o.apache.catalina.core.StandardService   : Starting service [Tomcat]
2020-05-01 11:13:54.533  INFO 1200 --- [main] org.apache.catalina.core.StandardEngine  : Starting Servlet engine: [Apache Tomcat/9.0.29]
2020-05-01 11:13:54.646  INFO 1200 --- [main] o.a.c.c.C.[Tomcat].[localhost].[/]       : Initializing Spring embedded WebApplicationContext
2020-05-01 11:13:54.646  INFO 1200 --- [main] o.s.web.context.ContextLoader            : Root WebApplicationContext: initialization completed in 1064 ms
2020-05-01 11:13:54.710  INFO 1200 --- [main] c.a.d.s.b.a.DruidDataSourceAutoConfigure : Init DruidDataSource
2020-05-01 11:13:54.829  INFO 1200 --- [main] com.alibaba.druid.pool.DruidDataSource   : {dataSource-1} inited
2020-05-01 11:13:55.194  INFO 1200 --- [main] o.s.s.concurrent.ThreadPoolTaskExecutor  : Initializing ExecutorService 'applicationTaskExecutor'
2020-05-01 11:13:55.326  INFO 1200 --- [main] o.s.s.c.ThreadPoolTaskScheduler          : Initializing ExecutorService 'taskScheduler'
2020-05-01 11:13:55.398  INFO 1200 --- [main] o.s.b.w.embedded.tomcat.TomcatWebServer  : Tomcat started on port(s): 18083 (http) with context path ''
2020-05-01 11:13:55.404  INFO 1200 --- [main] cn.codewjj.Application                   : Started Application in 2.648 seconds (JVM running for 4.15)
2020-05-01 11:15:12.004  INFO 1200 --- [scheduling-1] cn.codewjj.tiwen.time.DingShi            : 定时任务开始
2020-05-01 11:15:12.007  INFO 1200 --- [scheduling-1] cn.codewjj.tiwen.time.DingShi            : 定时任务结束
2020-05-01 11:15:12.007  INFO 1200 --- [time] cn.codewjj.tiwen.impl.StartRunnable      : 获取用户所有信息
2020-05-01 11:15:12.008  INFO 1200 --- [time] cn.codewjj.tiwen.impl.StartRunnable      : 3168116136开始打卡
2020-05-01 11:18:19.644  INFO 1200 --- [pool-1-thread-1] cn.codewjj.tiwen.impl.TimeCallable       : 登陆返回：{"result":"success","msg":"登录成功！","status":200,"data":{"tblPersonName":"王俊杰","tblSchoolId":"1","tblPersonOrgStructureId":"0","tblPersonSchoolClassId":"182","groupList":[],"needChangePwd":0,"tblPersonStudentClass":"1601","tblPersonType":"2","token":"eyJhbGciOiJIUzI1NiIsInR5cCI6IkpXVCJ9.eyJzdWIiOiJ0aGlzIGlzIGNvbW1vbiB0b2tlbiIsImF1ZCI6IldFQkFQUCIsImlzcyI6ImNldGNjaXR5IiwiZXhwIjoxNTg4MzQ2Mjk5LCJ1c2VySWQiOjExNDQ4LCJpYXQiOjE1ODgzMDMwOTl9.ZSNhkyvsGJ05lypoOjTbrA_K_W-6aHZ1jvo6F5ND4hM","tblPersonId":"11448","tblPersonGender":1,"tblPersonContactNum":"18860049235","duty":"5","tblPersonStudentGrade":"物联网工程","status":"1"}}
2020-05-01 11:18:19.647  INFO 1200 --- [pool-1-thread-1] cn.codewjj.tiwen.impl.TimeCallable       : 用户信息：{"tblPersonName":"王俊杰","tblSchoolId":"1","tblPersonOrgStructureId":"0","tblPersonSchoolClassId":"182","groupList":[],"needChangePwd":0,"tblPersonStudentClass":"1601","tblPersonType":"2","token":"eyJhbGciOiJIUzI1NiIsInR5cCI6IkpXVCJ9.eyJzdWIiOiJ0aGlzIGlzIGNvbW1vbiB0b2tlbiIsImF1ZCI6IldFQkFQUCIsImlzcyI6ImNldGNjaXR5IiwiZXhwIjoxNTg4MzQ2Mjk5LCJ1c2VySWQiOjExNDQ4LCJpYXQiOjE1ODgzMDMwOTl9.ZSNhkyvsGJ05lypoOjTbrA_K_W-6aHZ1jvo6F5ND4hM","tblPersonId":"11448","tblPersonGender":1,"tblPersonContactNum":"18860049235","duty":"5","tblPersonStudentGrade":"物联网工程","status":"1"}
2020-05-01 11:18:19.648  INFO 1200 --- [pool-1-thread-1] cn.codewjj.tiwen.impl.TimeCallable       : token获取eyJhbGciOiJIUzI1NiIsInR5cCI6IkpXVCJ9.eyJzdWIiOiJ0aGlzIGlzIGNvbW1vbiB0b2tlbiIsImF1ZCI6IldFQkFQUCIsImlzcyI6ImNldGNjaXR5IiwiZXhwIjoxNTg4MzQ2Mjk5LCJ1c2VySWQiOjExNDQ4LCJpYXQiOjE1ODgzMDMwOTl9.ZSNhkyvsGJ05lypoOjTbrA_K_W-6aHZ1jvo6F5ND4hM
2020-05-01 11:19:37.541  INFO 1200 --- [pool-1-thread-1] cn.codewjj.tiwen.impl.TimeCallable       : 3168116136打卡成功===36.3
2020-05-01 11:19:37.590  INFO 1200 --- [SpringContextShutdownHook] o.s.s.c.ThreadPoolTaskScheduler          : Shutting down ExecutorService 'taskScheduler'
2020-05-01 11:19:37.595  INFO 1200 --- [SpringContextShutdownHook] o.s.s.concurrent.ThreadPoolTaskExecutor  : Shutting down ExecutorService 'applicationTaskExecutor'
2020-05-01 11:19:37.596  INFO 1200 --- [SpringContextShutdownHook] com.alibaba.druid.pool.DruidDataSource   : {dataSource-1} closing ...
2020-05-01 11:19:37.602  INFO 1200 --- [SpringContextShutdownHook] com.alibaba.druid.pool.DruidDataSource   : {dataSource-1} closed
2020-05-01 11:19:43.500  INFO 1206 --- [main] cn.codewjj.Application                   : Starting Application on wangdeMacBook-Pro.local with PID 1206 (/Users/wang/Desktop/deployment/tiwen/java/target/classes started by wang in /Users/wang/Desktop/deployment/tiwen/java)
2020-05-01 11:19:43.505  INFO 1206 --- [main] cn.codewjj.Application                   : No active profile set, falling back to default profiles: default
2020-05-01 11:19:44.906  INFO 1206 --- [main] o.s.b.w.embedded.tomcat.TomcatWebServer  : Tomcat initialized with port(s): 18083 (http)
2020-05-01 11:19:44.915  INFO 1206 --- [main] o.apache.catalina.core.StandardService   : Starting service [Tomcat]
2020-05-01 11:19:44.916  INFO 1206 --- [main] org.apache.catalina.core.StandardEngine  : Starting Servlet engine: [Apache Tomcat/9.0.29]
2020-05-01 11:19:45.042  INFO 1206 --- [main] o.a.c.c.C.[Tomcat].[localhost].[/]       : Initializing Spring embedded WebApplicationContext
2020-05-01 11:19:45.043  INFO 1206 --- [main] o.s.web.context.ContextLoader            : Root WebApplicationContext: initialization completed in 1396 ms
2020-05-01 11:19:45.098  INFO 1206 --- [main] c.a.d.s.b.a.DruidDataSourceAutoConfigure : Init DruidDataSource
2020-05-01 11:19:45.203  INFO 1206 --- [main] com.alibaba.druid.pool.DruidDataSource   : {dataSource-1} inited
2020-05-01 11:19:45.612  INFO 1206 --- [main] o.s.s.concurrent.ThreadPoolTaskExecutor  : Initializing ExecutorService 'applicationTaskExecutor'
2020-05-01 11:19:45.741  INFO 1206 --- [main] o.s.s.c.ThreadPoolTaskScheduler          : Initializing ExecutorService 'taskScheduler'
2020-05-01 11:19:45.853  INFO 1206 --- [main] o.s.b.w.embedded.tomcat.TomcatWebServer  : Tomcat started on port(s): 18083 (http) with context path ''
2020-05-01 11:19:45.857  INFO 1206 --- [main] cn.codewjj.Application                   : Started Application in 3.049 seconds (JVM running for 4.608)
2020-05-01 11:20:12.003  INFO 1206 --- [scheduling-1] cn.codewjj.tiwen.time.DingShi            : 定时任务开始
2020-05-01 11:20:12.006  INFO 1206 --- [scheduling-1] cn.codewjj.tiwen.time.DingShi            : 定时任务结束
2020-05-01 11:20:12.006  INFO 1206 --- [time] cn.codewjj.tiwen.impl.StartRunnable      : 获取用户所有信息
2020-05-01 11:20:12.007  INFO 1206 --- [time] cn.codewjj.tiwen.impl.StartRunnable      : 3168116136开始打卡
2020-05-01 11:20:12.650  INFO 1206 --- [pool-1-thread-1] cn.codewjj.tiwen.impl.TimeCallable       : 登陆返回：{"result":"success","msg":"登录成功！","status":200,"data":{"tblPersonName":"王俊杰","tblSchoolId":"1","tblPersonOrgStructureId":"0","tblPersonSchoolClassId":"182","groupList":[],"needChangePwd":0,"tblPersonStudentClass":"1601","tblPersonType":"2","token":"eyJhbGciOiJIUzI1NiIsInR5cCI6IkpXVCJ9.eyJzdWIiOiJ0aGlzIGlzIGNvbW1vbiB0b2tlbiIsImF1ZCI6IldFQkFQUCIsImlzcyI6ImNldGNjaXR5IiwiZXhwIjoxNTg4MzQ2NDEyLCJ1c2VySWQiOjExNDQ4LCJpYXQiOjE1ODgzMDMyMTJ9.FFiNfGWolahOEcocVHWa331AZXnqbpd0faqpvL6tj1g","tblPersonId":"11448","tblPersonGender":1,"tblPersonContactNum":"18860049235","duty":"5","tblPersonStudentGrade":"物联网工程","status":"1"}}
2020-05-01 11:20:12.654  INFO 1206 --- [pool-1-thread-1] cn.codewjj.tiwen.impl.TimeCallable       : 用户信息：{"tblPersonName":"王俊杰","tblSchoolId":"1","tblPersonOrgStructureId":"0","tblPersonSchoolClassId":"182","groupList":[],"needChangePwd":0,"tblPersonStudentClass":"1601","tblPersonType":"2","token":"eyJhbGciOiJIUzI1NiIsInR5cCI6IkpXVCJ9.eyJzdWIiOiJ0aGlzIGlzIGNvbW1vbiB0b2tlbiIsImF1ZCI6IldFQkFQUCIsImlzcyI6ImNldGNjaXR5IiwiZXhwIjoxNTg4MzQ2NDEyLCJ1c2VySWQiOjExNDQ4LCJpYXQiOjE1ODgzMDMyMTJ9.FFiNfGWolahOEcocVHWa331AZXnqbpd0faqpvL6tj1g","tblPersonId":"11448","tblPersonGender":1,"tblPersonContactNum":"18860049235","duty":"5","tblPersonStudentGrade":"物联网工程","status":"1"}
2020-05-01 11:20:12.655  INFO 1206 --- [pool-1-thread-1] cn.codewjj.tiwen.impl.TimeCallable       : token获取eyJhbGciOiJIUzI1NiIsInR5cCI6IkpXVCJ9.eyJzdWIiOiJ0aGlzIGlzIGNvbW1vbiB0b2tlbiIsImF1ZCI6IldFQkFQUCIsImlzcyI6ImNldGNjaXR5IiwiZXhwIjoxNTg4MzQ2NDEyLCJ1c2VySWQiOjExNDQ4LCJpYXQiOjE1ODgzMDMyMTJ9.FFiNfGWolahOEcocVHWa331AZXnqbpd0faqpvL6tj1g
2020-05-01 11:22:24.527  INFO 1206 --- [pool-1-thread-1] cn.codewjj.tiwen.impl.TimeCallable       : 3168116136打卡成功===36.6
2020-05-01 11:22:24.577  INFO 1206 --- [SpringContextShutdownHook] o.s.s.c.ThreadPoolTaskScheduler          : Shutting down ExecutorService 'taskScheduler'
2020-05-01 11:22:24.579  INFO 1206 --- [SpringContextShutdownHook] o.s.s.concurrent.ThreadPoolTaskExecutor  : Shutting down ExecutorService 'applicationTaskExecutor'
2020-05-01 11:22:24.580  INFO 1206 --- [SpringContextShutdownHook] com.alibaba.druid.pool.DruidDataSource   : {dataSource-1} closing ...
2020-05-01 11:22:24.583  INFO 1206 --- [SpringContextShutdownHook] com.alibaba.druid.pool.DruidDataSource   : {dataSource-1} closed
2020-05-01 11:22:30.411  INFO 1218 --- [main] cn.codewjj.Application                   : Starting Application on wangdeMacBook-Pro.local with PID 1218 (/Users/wang/Desktop/deployment/tiwen/java/target/classes started by wang in /Users/wang/Desktop/deployment/tiwen/java)
2020-05-01 11:22:30.421  INFO 1218 --- [main] cn.codewjj.Application                   : No active profile set, falling back to default profiles: default
2020-05-01 11:22:31.546  INFO 1218 --- [main] o.s.b.w.embedded.tomcat.TomcatWebServer  : Tomcat initialized with port(s): 18083 (http)
2020-05-01 11:22:31.555  INFO 1218 --- [main] o.apache.catalina.core.StandardService   : Starting service [Tomcat]
2020-05-01 11:22:31.556  INFO 1218 --- [main] org.apache.catalina.core.StandardEngine  : Starting Servlet engine: [Apache Tomcat/9.0.29]
2020-05-01 11:22:31.706  INFO 1218 --- [main] o.a.c.c.C.[Tomcat].[localhost].[/]       : Initializing Spring embedded WebApplicationContext
2020-05-01 11:22:31.706  INFO 1218 --- [main] o.s.web.context.ContextLoader            : Root WebApplicationContext: initialization completed in 1177 ms
2020-05-01 11:22:31.772  INFO 1218 --- [main] c.a.d.s.b.a.DruidDataSourceAutoConfigure : Init DruidDataSource
2020-05-01 11:22:31.860  INFO 1218 --- [main] com.alibaba.druid.pool.DruidDataSource   : {dataSource-1} inited
2020-05-01 11:22:32.277  INFO 1218 --- [main] o.s.s.concurrent.ThreadPoolTaskExecutor  : Initializing ExecutorService 'applicationTaskExecutor'
2020-05-01 11:22:32.448  INFO 1218 --- [main] o.s.s.c.ThreadPoolTaskScheduler          : Initializing ExecutorService 'taskScheduler'
2020-05-01 11:22:32.538  INFO 1218 --- [main] o.s.b.w.embedded.tomcat.TomcatWebServer  : Tomcat started on port(s): 18083 (http) with context path ''
2020-05-01 11:22:32.545  INFO 1218 --- [main] cn.codewjj.Application                   : Started Application in 2.877 seconds (JVM running for 4.575)
2020-05-01 11:23:12.001  INFO 1218 --- [scheduling-1] cn.codewjj.tiwen.time.DingShi            : 定时任务开始
2020-05-01 11:23:12.004  INFO 1218 --- [scheduling-1] cn.codewjj.tiwen.time.DingShi            : 定时任务结束
2020-05-01 11:23:12.005  INFO 1218 --- [time] cn.codewjj.tiwen.impl.StartRunnable      : 获取用户所有信息
2020-05-01 11:23:12.005  INFO 1218 --- [time] cn.codewjj.tiwen.impl.StartRunnable      : 3168116136开始打卡
2020-05-01 11:23:12.647  INFO 1218 --- [pool-1-thread-1] cn.codewjj.tiwen.impl.TimeCallable       : 登陆返回：{"result":"success","msg":"登录成功！","status":200,"data":{"tblPersonName":"王俊杰","tblSchoolId":"1","tblPersonOrgStructureId":"0","tblPersonSchoolClassId":"182","groupList":[],"needChangePwd":0,"tblPersonStudentClass":"1601","tblPersonType":"2","token":"eyJhbGciOiJIUzI1NiIsInR5cCI6IkpXVCJ9.eyJzdWIiOiJ0aGlzIGlzIGNvbW1vbiB0b2tlbiIsImF1ZCI6IldFQkFQUCIsImlzcyI6ImNldGNjaXR5IiwiZXhwIjoxNTg4MzQ2NTkyLCJ1c2VySWQiOjExNDQ4LCJpYXQiOjE1ODgzMDMzOTJ9.Qbyu-65S4uS7AWDxEfW4Yx_Z41a7WG8G3OvspMBMGtg","tblPersonId":"11448","tblPersonGender":1,"tblPersonContactNum":"18860049235","duty":"5","tblPersonStudentGrade":"物联网工程","status":"1"}}
2020-05-01 11:23:12.651  INFO 1218 --- [pool-1-thread-1] cn.codewjj.tiwen.impl.TimeCallable       : 用户信息：{"tblPersonName":"王俊杰","tblSchoolId":"1","tblPersonOrgStructureId":"0","tblPersonSchoolClassId":"182","groupList":[],"needChangePwd":0,"tblPersonStudentClass":"1601","tblPersonType":"2","token":"eyJhbGciOiJIUzI1NiIsInR5cCI6IkpXVCJ9.eyJzdWIiOiJ0aGlzIGlzIGNvbW1vbiB0b2tlbiIsImF1ZCI6IldFQkFQUCIsImlzcyI6ImNldGNjaXR5IiwiZXhwIjoxNTg4MzQ2NTkyLCJ1c2VySWQiOjExNDQ4LCJpYXQiOjE1ODgzMDMzOTJ9.Qbyu-65S4uS7AWDxEfW4Yx_Z41a7WG8G3OvspMBMGtg","tblPersonId":"11448","tblPersonGender":1,"tblPersonContactNum":"18860049235","duty":"5","tblPersonStudentGrade":"物联网工程","status":"1"}
2020-05-01 11:23:12.652  INFO 1218 --- [pool-1-thread-1] cn.codewjj.tiwen.impl.TimeCallable       : token获取eyJhbGciOiJIUzI1NiIsInR5cCI6IkpXVCJ9.eyJzdWIiOiJ0aGlzIGlzIGNvbW1vbiB0b2tlbiIsImF1ZCI6IldFQkFQUCIsImlzcyI6ImNldGNjaXR5IiwiZXhwIjoxNTg4MzQ2NTkyLCJ1c2VySWQiOjExNDQ4LCJpYXQiOjE1ODgzMDMzOTJ9.Qbyu-65S4uS7AWDxEfW4Yx_Z41a7WG8G3OvspMBMGtg
2020-05-01 11:24:37.695  INFO 1218 --- [pool-1-thread-1] cn.codewjj.tiwen.impl.TimeCallable       : 3168116136打卡成功===36.3
2020-05-01 11:24:37.745  INFO 1218 --- [SpringContextShutdownHook] o.s.s.c.ThreadPoolTaskScheduler          : Shutting down ExecutorService 'taskScheduler'
2020-05-01 11:24:37.748  INFO 1218 --- [SpringContextShutdownHook] o.s.s.concurrent.ThreadPoolTaskExecutor  : Shutting down ExecutorService 'applicationTaskExecutor'
2020-05-01 11:24:37.749  INFO 1218 --- [SpringContextShutdownHook] com.alibaba.druid.pool.DruidDataSource   : {dataSource-1} closing ...
2020-05-01 11:24:37.753  INFO 1218 --- [SpringContextShutdownHook] com.alibaba.druid.pool.DruidDataSource   : {dataSource-1} closed
2020-05-01 11:24:48.179  INFO 1222 --- [main] cn.codewjj.Application                   : Starting Application on wangdeMacBook-Pro.local with PID 1222 (/Users/wang/Desktop/deployment/tiwen/java/target/classes started by wang in /Users/wang/Desktop/deployment/tiwen/java)
2020-05-01 11:24:48.183  INFO 1222 --- [main] cn.codewjj.Application                   : No active profile set, falling back to default profiles: default
2020-05-01 11:24:49.134  INFO 1222 --- [main] o.s.b.w.embedded.tomcat.TomcatWebServer  : Tomcat initialized with port(s): 18083 (http)
2020-05-01 11:24:49.142  INFO 1222 --- [main] o.apache.catalina.core.StandardService   : Starting service [Tomcat]
2020-05-01 11:24:49.143  INFO 1222 --- [main] org.apache.catalina.core.StandardEngine  : Starting Servlet engine: [Apache Tomcat/9.0.29]
2020-05-01 11:24:49.243  INFO 1222 --- [main] o.a.c.c.C.[Tomcat].[localhost].[/]       : Initializing Spring embedded WebApplicationContext
2020-05-01 11:24:49.243  INFO 1222 --- [main] o.s.web.context.ContextLoader            : Root WebApplicationContext: initialization completed in 994 ms
2020-05-01 11:24:49.299  INFO 1222 --- [main] c.a.d.s.b.a.DruidDataSourceAutoConfigure : Init DruidDataSource
2020-05-01 11:24:49.390  INFO 1222 --- [main] com.alibaba.druid.pool.DruidDataSource   : {dataSource-1} inited
2020-05-01 11:24:49.760  INFO 1222 --- [main] o.s.s.concurrent.ThreadPoolTaskExecutor  : Initializing ExecutorService 'applicationTaskExecutor'
2020-05-01 11:24:49.900  INFO 1222 --- [main] o.s.s.c.ThreadPoolTaskScheduler          : Initializing ExecutorService 'taskScheduler'
2020-05-01 11:24:49.982  INFO 1222 --- [main] o.s.b.w.embedded.tomcat.TomcatWebServer  : Tomcat started on port(s): 18083 (http) with context path ''
2020-05-01 11:24:49.987  INFO 1222 --- [main] cn.codewjj.Application                   : Started Application in 2.415 seconds (JVM running for 4.047)
2020-05-01 11:25:12.005  INFO 1222 --- [scheduling-1] cn.codewjj.tiwen.time.DingShi            : 定时任务开始
2020-05-01 11:25:12.008  INFO 1222 --- [scheduling-1] cn.codewjj.tiwen.time.DingShi            : 定时任务结束
2020-05-01 11:25:12.008  INFO 1222 --- [time] cn.codewjj.tiwen.impl.StartRunnable      : 获取用户所有信息
2020-05-01 11:25:12.009  INFO 1222 --- [time] cn.codewjj.tiwen.impl.StartRunnable      : 3168116136开始打卡
2020-05-01 11:25:12.734  INFO 1222 --- [pool-1-thread-1] cn.codewjj.tiwen.impl.TimeCallable       : 登陆返回：{"result":"success","msg":"登录成功！","status":200,"data":{"tblPersonName":"王俊杰","tblSchoolId":"1","tblPersonOrgStructureId":"0","tblPersonSchoolClassId":"182","groupList":[],"needChangePwd":0,"tblPersonStudentClass":"1601","tblPersonType":"2","token":"eyJhbGciOiJIUzI1NiIsInR5cCI6IkpXVCJ9.eyJzdWIiOiJ0aGlzIGlzIGNvbW1vbiB0b2tlbiIsImF1ZCI6IldFQkFQUCIsImlzcyI6ImNldGNjaXR5IiwiZXhwIjoxNTg4MzQ2NzEyLCJ1c2VySWQiOjExNDQ4LCJpYXQiOjE1ODgzMDM1MTJ9.ccR9zn297F3KWIvDUU28XOwYPGAQhcPaOiZZjF6ZAMY","tblPersonId":"11448","tblPersonGender":1,"tblPersonContactNum":"18860049235","duty":"5","tblPersonStudentGrade":"物联网工程","status":"1"}}
2020-05-01 11:25:12.741  INFO 1222 --- [pool-1-thread-1] cn.codewjj.tiwen.impl.TimeCallable       : 用户信息：{"tblPersonName":"王俊杰","tblSchoolId":"1","tblPersonOrgStructureId":"0","tblPersonSchoolClassId":"182","groupList":[],"needChangePwd":0,"tblPersonStudentClass":"1601","tblPersonType":"2","token":"eyJhbGciOiJIUzI1NiIsInR5cCI6IkpXVCJ9.eyJzdWIiOiJ0aGlzIGlzIGNvbW1vbiB0b2tlbiIsImF1ZCI6IldFQkFQUCIsImlzcyI6ImNldGNjaXR5IiwiZXhwIjoxNTg4MzQ2NzEyLCJ1c2VySWQiOjExNDQ4LCJpYXQiOjE1ODgzMDM1MTJ9.ccR9zn297F3KWIvDUU28XOwYPGAQhcPaOiZZjF6ZAMY","tblPersonId":"11448","tblPersonGender":1,"tblPersonContactNum":"18860049235","duty":"5","tblPersonStudentGrade":"物联网工程","status":"1"}
2020-05-01 11:25:12.743  INFO 1222 --- [pool-1-thread-1] cn.codewjj.tiwen.impl.TimeCallable       : token获取eyJhbGciOiJIUzI1NiIsInR5cCI6IkpXVCJ9.eyJzdWIiOiJ0aGlzIGlzIGNvbW1vbiB0b2tlbiIsImF1ZCI6IldFQkFQUCIsImlzcyI6ImNldGNjaXR5IiwiZXhwIjoxNTg4MzQ2NzEyLCJ1c2VySWQiOjExNDQ4LCJpYXQiOjE1ODgzMDM1MTJ9.ccR9zn297F3KWIvDUU28XOwYPGAQhcPaOiZZjF6ZAMY
2020-05-01 11:27:30.603  INFO 1222 --- [pool-1-thread-1] cn.codewjj.tiwen.impl.TimeCallable       : 3168116136打卡成功===36.5
2020-05-01 11:27:30.651  INFO 1222 --- [SpringContextShutdownHook] o.s.s.c.ThreadPoolTaskScheduler          : Shutting down ExecutorService 'taskScheduler'
2020-05-01 11:27:30.655  INFO 1222 --- [SpringContextShutdownHook] o.s.s.concurrent.ThreadPoolTaskExecutor  : Shutting down ExecutorService 'applicationTaskExecutor'
2020-05-01 11:27:30.656  INFO 1222 --- [SpringContextShutdownHook] com.alibaba.druid.pool.DruidDataSource   : {dataSource-1} closing ...
2020-05-01 11:27:30.660  INFO 1222 --- [SpringContextShutdownHook] com.alibaba.druid.pool.DruidDataSource   : {dataSource-1} closed
2020-05-01 11:27:42.154  INFO 1225 --- [main] cn.codewjj.Application                   : Starting Application on wangdeMacBook-Pro.local with PID 1225 (/Users/wang/Desktop/deployment/tiwen/java/target/classes started by wang in /Users/wang/Desktop/deployment/tiwen/java)
2020-05-01 11:27:42.159  INFO 1225 --- [main] cn.codewjj.Application                   : No active profile set, falling back to default profiles: default
2020-05-01 11:27:43.360  INFO 1225 --- [main] o.s.b.w.embedded.tomcat.TomcatWebServer  : Tomcat initialized with port(s): 18083 (http)
2020-05-01 11:27:43.369  INFO 1225 --- [main] o.apache.catalina.core.StandardService   : Starting service [Tomcat]
2020-05-01 11:27:43.370  INFO 1225 --- [main] org.apache.catalina.core.StandardEngine  : Starting Servlet engine: [Apache Tomcat/9.0.29]
2020-05-01 11:27:43.467  INFO 1225 --- [main] o.a.c.c.C.[Tomcat].[localhost].[/]       : Initializing Spring embedded WebApplicationContext
2020-05-01 11:27:43.468  INFO 1225 --- [main] o.s.web.context.ContextLoader            : Root WebApplicationContext: initialization completed in 1136 ms
2020-05-01 11:27:43.525  INFO 1225 --- [main] c.a.d.s.b.a.DruidDataSourceAutoConfigure : Init DruidDataSource
2020-05-01 11:27:43.684  INFO 1225 --- [main] com.alibaba.druid.pool.DruidDataSource   : {dataSource-1} inited
2020-05-01 11:27:44.039  INFO 1225 --- [main] o.s.s.concurrent.ThreadPoolTaskExecutor  : Initializing ExecutorService 'applicationTaskExecutor'
2020-05-01 11:27:44.216  INFO 1225 --- [main] o.s.s.c.ThreadPoolTaskScheduler          : Initializing ExecutorService 'taskScheduler'
2020-05-01 11:27:44.332  INFO 1225 --- [main] o.s.b.w.embedded.tomcat.TomcatWebServer  : Tomcat started on port(s): 18083 (http) with context path ''
2020-05-01 11:27:44.336  INFO 1225 --- [main] cn.codewjj.Application                   : Started Application in 2.742 seconds (JVM running for 4.166)
2020-05-01 11:28:12.003  INFO 1225 --- [scheduling-1] cn.codewjj.tiwen.time.DingShi            : 定时任务开始
2020-05-01 11:28:12.005  INFO 1225 --- [scheduling-1] cn.codewjj.tiwen.time.DingShi            : 定时任务结束
2020-05-01 11:28:12.005  INFO 1225 --- [time] cn.codewjj.tiwen.impl.StartRunnable      : 获取用户所有信息
2020-05-01 11:28:12.962  INFO 1225 --- [time] cn.codewjj.tiwen.impl.StartRunnable      : 3168122231开始打卡
2020-05-01 11:28:12.963  INFO 1225 --- [time] cn.codewjj.tiwen.impl.StartRunnable      : 3168112102开始打卡
2020-05-01 11:28:12.963  INFO 1225 --- [time] cn.codewjj.tiwen.impl.StartRunnable      : 3168116128开始打卡
2020-05-01 11:28:12.964  INFO 1225 --- [time] cn.codewjj.tiwen.impl.StartRunnable      : 3168122212开始打卡
2020-05-01 11:28:12.965  INFO 1225 --- [time] cn.codewjj.tiwen.impl.StartRunnable      : 3168116113开始打卡
2020-05-01 11:28:12.965  INFO 1225 --- [time] cn.codewjj.tiwen.impl.StartRunnable      : 3168116131开始打卡
2020-05-01 11:28:12.965  INFO 1225 --- [time] cn.codewjj.tiwen.impl.StartRunnable      : 3168116136开始打卡
2020-05-01 11:28:12.966  INFO 1225 --- [time] cn.codewjj.tiwen.impl.StartRunnable      : 3168112140开始打卡
2020-05-01 11:28:12.966  INFO 1225 --- [time] cn.codewjj.tiwen.impl.StartRunnable      : 3168116105开始打卡
2020-05-01 11:28:12.966  INFO 1225 --- [time] cn.codewjj.tiwen.impl.StartRunnable      : 3168116118开始打卡
2020-05-01 11:28:12.966  INFO 1225 --- [time] cn.codewjj.tiwen.impl.StartRunnable      : 3168112108开始打卡
2020-05-01 11:28:12.966  INFO 1225 --- [time] cn.codewjj.tiwen.impl.StartRunnable      : 3168116143开始打卡
2020-05-01 11:28:12.966  INFO 1225 --- [time] cn.codewjj.tiwen.impl.StartRunnable      : 3168115135开始打卡
2020-05-01 11:28:12.967  INFO 1225 --- [time] cn.codewjj.tiwen.impl.StartRunnable      : 3168116147开始打卡
2020-05-01 11:28:12.967  INFO 1225 --- [time] cn.codewjj.tiwen.impl.StartRunnable      : 3168116134开始打卡
2020-05-01 11:28:12.967  INFO 1225 --- [time] cn.codewjj.tiwen.impl.StartRunnable      : 3168116138开始打卡
2020-05-01 11:28:12.967  INFO 1225 --- [time] cn.codewjj.tiwen.impl.StartRunnable      : 3168116116开始打卡
2020-05-01 11:28:12.967  INFO 1225 --- [time] cn.codewjj.tiwen.impl.StartRunnable      : 3168111112开始打卡
2020-05-01 11:28:12.967  INFO 1225 --- [time] cn.codewjj.tiwen.impl.StartRunnable      : 3168116103开始打卡
2020-05-01 11:28:12.967  INFO 1225 --- [time] cn.codewjj.tiwen.impl.StartRunnable      : 3168116127开始打卡
2020-05-01 11:28:12.968  INFO 1225 --- [time] cn.codewjj.tiwen.impl.StartRunnable      : 3168122229开始打卡
2020-05-01 11:28:57.365  INFO 1225 --- [pool-1-thread-1] cn.codewjj.tiwen.impl.TimeCallable       : 登陆返回：{"result":"success","msg":"登录成功！","status":200,"data":{"tblPersonName":"张淑英","tblSchoolId":"1","tblPersonOrgStructureId":"0","tblPersonSchoolClassId":"174","groupList":[],"needChangePwd":0,"tblPersonStudentClass":"1602","tblPersonType":"2","token":"eyJhbGciOiJIUzI1NiIsInR5cCI6IkpXVCJ9.eyJzdWIiOiJ0aGlzIGlzIGNvbW1vbiB0b2tlbiIsImF1ZCI6IldFQkFQUCIsImlzcyI6ImNldGNjaXR5IiwiZXhwIjoxNTg4MzQ2OTM3LCJ1c2VySWQiOjEzMDQwLCJpYXQiOjE1ODgzMDM3Mzd9.quLS0NZ31jmZMIduBVpbFoo46Vb0dvH76pIzGTcVduw","tblPersonId":"13040","tblPersonGender":0,"tblPersonContactNum":"18250890856","duty":"5","tblPersonStudentGrade":"视觉传达设计","status":"1"}}
2020-05-01 11:28:57.368  INFO 1225 --- [pool-1-thread-1] cn.codewjj.tiwen.impl.TimeCallable       : 用户信息：{"tblPersonName":"张淑英","tblSchoolId":"1","tblPersonOrgStructureId":"0","tblPersonSchoolClassId":"174","groupList":[],"needChangePwd":0,"tblPersonStudentClass":"1602","tblPersonType":"2","token":"eyJhbGciOiJIUzI1NiIsInR5cCI6IkpXVCJ9.eyJzdWIiOiJ0aGlzIGlzIGNvbW1vbiB0b2tlbiIsImF1ZCI6IldFQkFQUCIsImlzcyI6ImNldGNjaXR5IiwiZXhwIjoxNTg4MzQ2OTM3LCJ1c2VySWQiOjEzMDQwLCJpYXQiOjE1ODgzMDM3Mzd9.quLS0NZ31jmZMIduBVpbFoo46Vb0dvH76pIzGTcVduw","tblPersonId":"13040","tblPersonGender":0,"tblPersonContactNum":"18250890856","duty":"5","tblPersonStudentGrade":"视觉传达设计","status":"1"}
2020-05-01 11:28:57.369  INFO 1225 --- [pool-1-thread-1] cn.codewjj.tiwen.impl.TimeCallable       : token获取eyJhbGciOiJIUzI1NiIsInR5cCI6IkpXVCJ9.eyJzdWIiOiJ0aGlzIGlzIGNvbW1vbiB0b2tlbiIsImF1ZCI6IldFQkFQUCIsImlzcyI6ImNldGNjaXR5IiwiZXhwIjoxNTg4MzQ2OTM3LCJ1c2VySWQiOjEzMDQwLCJpYXQiOjE1ODgzMDM3Mzd9.quLS0NZ31jmZMIduBVpbFoo46Vb0dvH76pIzGTcVduw
2020-05-01 11:28:57.460  INFO 1225 --- [pool-1-thread-1] cn.codewjj.tiwen.impl.TimeCallable       : 3168122231打卡成功===36.6
2020-05-01 11:29:53.228  INFO 1225 --- [pool-1-thread-4] cn.codewjj.tiwen.impl.TimeCallable       : 登陆返回：{"result":"success","msg":"登录成功！","status":200,"data":{"tblPersonName":"王嘉嘉","tblSchoolId":"1","tblPersonOrgStructureId":"0","tblPersonSchoolClassId":"174","groupList":[],"needChangePwd":0,"tblPersonStudentClass":"1602","tblPersonType":"2","token":"eyJhbGciOiJIUzI1NiIsInR5cCI6IkpXVCJ9.eyJzdWIiOiJ0aGlzIGlzIGNvbW1vbiB0b2tlbiIsImF1ZCI6IldFQkFQUCIsImlzcyI6ImNldGNjaXR5IiwiZXhwIjoxNTg4MzQ2OTkzLCJ1c2VySWQiOjEzMDIxLCJpYXQiOjE1ODgzMDM3OTN9.ycQ-o4sAR2Ekag2SHCY2fZi9liVH56elkXLRLM4Mfv4","tblPersonId":"13021","tblPersonGender":0,"tblPersonContactNum":"15605085455","duty":"5","tblPersonStudentGrade":"视觉传达设计","status":"1"}}
2020-05-01 11:29:53.229  INFO 1225 --- [pool-1-thread-4] cn.codewjj.tiwen.impl.TimeCallable       : 用户信息：{"tblPersonName":"王嘉嘉","tblSchoolId":"1","tblPersonOrgStructureId":"0","tblPersonSchoolClassId":"174","groupList":[],"needChangePwd":0,"tblPersonStudentClass":"1602","tblPersonType":"2","token":"eyJhbGciOiJIUzI1NiIsInR5cCI6IkpXVCJ9.eyJzdWIiOiJ0aGlzIGlzIGNvbW1vbiB0b2tlbiIsImF1ZCI6IldFQkFQUCIsImlzcyI6ImNldGNjaXR5IiwiZXhwIjoxNTg4MzQ2OTkzLCJ1c2VySWQiOjEzMDIxLCJpYXQiOjE1ODgzMDM3OTN9.ycQ-o4sAR2Ekag2SHCY2fZi9liVH56elkXLRLM4Mfv4","tblPersonId":"13021","tblPersonGender":0,"tblPersonContactNum":"15605085455","duty":"5","tblPersonStudentGrade":"视觉传达设计","status":"1"}
2020-05-01 11:29:53.230  INFO 1225 --- [pool-1-thread-4] cn.codewjj.tiwen.impl.TimeCallable       : token获取eyJhbGciOiJIUzI1NiIsInR5cCI6IkpXVCJ9.eyJzdWIiOiJ0aGlzIGlzIGNvbW1vbiB0b2tlbiIsImF1ZCI6IldFQkFQUCIsImlzcyI6ImNldGNjaXR5IiwiZXhwIjoxNTg4MzQ2OTkzLCJ1c2VySWQiOjEzMDIxLCJpYXQiOjE1ODgzMDM3OTN9.ycQ-o4sAR2Ekag2SHCY2fZi9liVH56elkXLRLM4Mfv4
2020-05-01 11:29:53.318  INFO 1225 --- [pool-1-thread-4] cn.codewjj.tiwen.impl.TimeCallable       : 3168122212打卡成功===36.4
2020-05-01 11:31:02.215  INFO 1225 --- [pool-1-thread-3] cn.codewjj.tiwen.impl.TimeCallable       : 登陆返回：{"result":"success","msg":"登录成功！","status":200,"data":{"tblPersonName":"彭有豪","tblSchoolId":"1","tblPersonOrgStructureId":"0","tblPersonSchoolClassId":"182","groupList":[],"needChangePwd":0,"tblPersonStudentClass":"1601","tblPersonType":"2","token":"eyJhbGciOiJIUzI1NiIsInR5cCI6IkpXVCJ9.eyJzdWIiOiJ0aGlzIGlzIGNvbW1vbiB0b2tlbiIsImF1ZCI6IldFQkFQUCIsImlzcyI6ImNldGNjaXR5IiwiZXhwIjoxNTg4MzQ3MDYyLCJ1c2VySWQiOjExNDQwLCJpYXQiOjE1ODgzMDM4NjJ9.Ab0N8QfB3E5alXDC_8W3emFgUsucIbjVg2zhaEdPaCg","tblPersonId":"11440","tblPersonGender":1,"tblPersonContactNum":"14700090347","duty":"5","tblPersonStudentGrade":"物联网工程","status":"1"}}
2020-05-01 11:31:02.216  INFO 1225 --- [pool-1-thread-3] cn.codewjj.tiwen.impl.TimeCallable       : 用户信息：{"tblPersonName":"彭有豪","tblSchoolId":"1","tblPersonOrgStructureId":"0","tblPersonSchoolClassId":"182","groupList":[],"needChangePwd":0,"tblPersonStudentClass":"1601","tblPersonType":"2","token":"eyJhbGciOiJIUzI1NiIsInR5cCI6IkpXVCJ9.eyJzdWIiOiJ0aGlzIGlzIGNvbW1vbiB0b2tlbiIsImF1ZCI6IldFQkFQUCIsImlzcyI6ImNldGNjaXR5IiwiZXhwIjoxNTg4MzQ3MDYyLCJ1c2VySWQiOjExNDQwLCJpYXQiOjE1ODgzMDM4NjJ9.Ab0N8QfB3E5alXDC_8W3emFgUsucIbjVg2zhaEdPaCg","tblPersonId":"11440","tblPersonGender":1,"tblPersonContactNum":"14700090347","duty":"5","tblPersonStudentGrade":"物联网工程","status":"1"}
2020-05-01 11:31:02.217  INFO 1225 --- [pool-1-thread-3] cn.codewjj.tiwen.impl.TimeCallable       : token获取eyJhbGciOiJIUzI1NiIsInR5cCI6IkpXVCJ9.eyJzdWIiOiJ0aGlzIGlzIGNvbW1vbiB0b2tlbiIsImF1ZCI6IldFQkFQUCIsImlzcyI6ImNldGNjaXR5IiwiZXhwIjoxNTg4MzQ3MDYyLCJ1c2VySWQiOjExNDQwLCJpYXQiOjE1ODgzMDM4NjJ9.Ab0N8QfB3E5alXDC_8W3emFgUsucIbjVg2zhaEdPaCg
2020-05-01 11:31:02.302  INFO 1225 --- [pool-1-thread-3] cn.codewjj.tiwen.impl.TimeCallable       : 3168116128打卡成功===36.6
2020-05-01 11:32:00.832  INFO 1225 --- [pool-1-thread-1] cn.codewjj.tiwen.impl.TimeCallable       : 登陆返回：{"result":"success","msg":"登录成功！","status":200,"data":{"tblPersonName":"曾铖涵","tblSchoolId":"1","tblPersonOrgStructureId":"0","tblPersonSchoolClassId":"182","groupList":[],"needChangePwd":0,"tblPersonStudentClass":"1601","tblPersonType":"2","token":"eyJhbGciOiJIUzI1NiIsInR5cCI6IkpXVCJ9.eyJzdWIiOiJ0aGlzIGlzIGNvbW1vbiB0b2tlbiIsImF1ZCI6IldFQkFQUCIsImlzcyI6ImNldGNjaXR5IiwiZXhwIjoxNTg4MzQ3MTIwLCJ1c2VySWQiOjExNDQzLCJpYXQiOjE1ODgzMDM5MjB9.H5i6rZtkcB8YCt5wKFqRLQbjvpnJGMKHgh3UZ3mL5Y8","tblPersonId":"11443","tblPersonGender":1,"tblPersonContactNum":"15980650889","duty":"5","tblPersonStudentGrade":"物联网工程","status":"1"}}
2020-05-01 11:32:00.833  INFO 1225 --- [pool-1-thread-1] cn.codewjj.tiwen.impl.TimeCallable       : 用户信息：{"tblPersonName":"曾铖涵","tblSchoolId":"1","tblPersonOrgStructureId":"0","tblPersonSchoolClassId":"182","groupList":[],"needChangePwd":0,"tblPersonStudentClass":"1601","tblPersonType":"2","token":"eyJhbGciOiJIUzI1NiIsInR5cCI6IkpXVCJ9.eyJzdWIiOiJ0aGlzIGlzIGNvbW1vbiB0b2tlbiIsImF1ZCI6IldFQkFQUCIsImlzcyI6ImNldGNjaXR5IiwiZXhwIjoxNTg4MzQ3MTIwLCJ1c2VySWQiOjExNDQzLCJpYXQiOjE1ODgzMDM5MjB9.H5i6rZtkcB8YCt5wKFqRLQbjvpnJGMKHgh3UZ3mL5Y8","tblPersonId":"11443","tblPersonGender":1,"tblPersonContactNum":"15980650889","duty":"5","tblPersonStudentGrade":"物联网工程","status":"1"}
2020-05-01 11:32:00.833  INFO 1225 --- [pool-1-thread-1] cn.codewjj.tiwen.impl.TimeCallable       : token获取eyJhbGciOiJIUzI1NiIsInR5cCI6IkpXVCJ9.eyJzdWIiOiJ0aGlzIGlzIGNvbW1vbiB0b2tlbiIsImF1ZCI6IldFQkFQUCIsImlzcyI6ImNldGNjaXR5IiwiZXhwIjoxNTg4MzQ3MTIwLCJ1c2VySWQiOjExNDQzLCJpYXQiOjE1ODgzMDM5MjB9.H5i6rZtkcB8YCt5wKFqRLQbjvpnJGMKHgh3UZ3mL5Y8
2020-05-01 11:32:00.916  INFO 1225 --- [pool-1-thread-1] cn.codewjj.tiwen.impl.TimeCallable       : 3168116131打卡成功===36.4
2020-05-01 11:32:05.588  INFO 1225 --- [pool-1-thread-3] cn.codewjj.tiwen.impl.TimeCallable       : 登陆返回：{"result":"success","msg":"登录成功！","status":200,"data":{"tblPersonName":"蔡舟妹","tblSchoolId":"1","tblPersonOrgStructureId":"0","tblPersonSchoolClassId":"175","groupList":[],"needChangePwd":0,"tblPersonStudentClass":"1601","tblPersonType":"2","token":"eyJhbGciOiJIUzI1NiIsInR5cCI6IkpXVCJ9.eyJzdWIiOiJ0aGlzIGlzIGNvbW1vbiB0b2tlbiIsImF1ZCI6IldFQkFQUCIsImlzcyI6ImNldGNjaXR5IiwiZXhwIjoxNTg4MzQ3MTI1LCJ1c2VySWQiOjExNDEzLCJpYXQiOjE1ODgzMDM5MjV9.qN7gOSModDn9R25MXbDVg0i4fcDGK-wU80r3ltCVVq4","tblPersonId":"11413","tblPersonGender":0,"tblPersonContactNum":"15080190222","duty":"5","tblPersonStudentGrade":"市场营销","status":"1"}}
2020-05-01 11:32:05.589  INFO 1225 --- [pool-1-thread-3] cn.codewjj.tiwen.impl.TimeCallable       : 用户信息：{"tblPersonName":"蔡舟妹","tblSchoolId":"1","tblPersonOrgStructureId":"0","tblPersonSchoolClassId":"175","groupList":[],"needChangePwd":0,"tblPersonStudentClass":"1601","tblPersonType":"2","token":"eyJhbGciOiJIUzI1NiIsInR5cCI6IkpXVCJ9.eyJzdWIiOiJ0aGlzIGlzIGNvbW1vbiB0b2tlbiIsImF1ZCI6IldFQkFQUCIsImlzcyI6ImNldGNjaXR5IiwiZXhwIjoxNTg4MzQ3MTI1LCJ1c2VySWQiOjExNDEzLCJpYXQiOjE1ODgzMDM5MjV9.qN7gOSModDn9R25MXbDVg0i4fcDGK-wU80r3ltCVVq4","tblPersonId":"11413","tblPersonGender":0,"tblPersonContactNum":"15080190222","duty":"5","tblPersonStudentGrade":"市场营销","status":"1"}
2020-05-01 11:32:05.590  INFO 1225 --- [pool-1-thread-3] cn.codewjj.tiwen.impl.TimeCallable       : token获取eyJhbGciOiJIUzI1NiIsInR5cCI6IkpXVCJ9.eyJzdWIiOiJ0aGlzIGlzIGNvbW1vbiB0b2tlbiIsImF1ZCI6IldFQkFQUCIsImlzcyI6ImNldGNjaXR5IiwiZXhwIjoxNTg4MzQ3MTI1LCJ1c2VySWQiOjExNDEzLCJpYXQiOjE1ODgzMDM5MjV9.qN7gOSModDn9R25MXbDVg0i4fcDGK-wU80r3ltCVVq4
2020-05-01 11:32:05.678  INFO 1225 --- [pool-1-thread-3] cn.codewjj.tiwen.impl.TimeCallable       : 3168112140打卡成功===36.4
2020-05-01 11:32:16.211  INFO 1225 --- [pool-1-thread-2] cn.codewjj.tiwen.impl.TimeCallable       : 登陆返回：{"result":"success","msg":"登录成功！","status":200,"data":{"tblPersonName":"林嘉若","tblSchoolId":"1","tblPersonOrgStructureId":"0","tblPersonSchoolClassId":"175","groupList":[],"needChangePwd":0,"tblPersonStudentClass":"1601","tblPersonType":"2","token":"eyJhbGciOiJIUzI1NiIsInR5cCI6IkpXVCJ9.eyJzdWIiOiJ0aGlzIGlzIGNvbW1vbiB0b2tlbiIsImF1ZCI6IldFQkFQUCIsImlzcyI6ImNldGNjaXR5IiwiZXhwIjoxNTg4MzQ3MTM2LCJ1c2VySWQiOjExMzgwLCJpYXQiOjE1ODgzMDM5MzZ9.c_z_inK8HP17cgYGwRHkvQ3YpLaDrKVsCeyV-oic_80","tblPersonId":"11380","tblPersonGender":0,"tblPersonContactNum":"13860637330","duty":"5","tblPersonStudentGrade":"市场营销","status":"1"}}
2020-05-01 11:32:16.212  INFO 1225 --- [pool-1-thread-2] cn.codewjj.tiwen.impl.TimeCallable       : 用户信息：{"tblPersonName":"林嘉若","tblSchoolId":"1","tblPersonOrgStructureId":"0","tblPersonSchoolClassId":"175","groupList":[],"needChangePwd":0,"tblPersonStudentClass":"1601","tblPersonType":"2","token":"eyJhbGciOiJIUzI1NiIsInR5cCI6IkpXVCJ9.eyJzdWIiOiJ0aGlzIGlzIGNvbW1vbiB0b2tlbiIsImF1ZCI6IldFQkFQUCIsImlzcyI6ImNldGNjaXR5IiwiZXhwIjoxNTg4MzQ3MTM2LCJ1c2VySWQiOjExMzgwLCJpYXQiOjE1ODgzMDM5MzZ9.c_z_inK8HP17cgYGwRHkvQ3YpLaDrKVsCeyV-oic_80","tblPersonId":"11380","tblPersonGender":0,"tblPersonContactNum":"13860637330","duty":"5","tblPersonStudentGrade":"市场营销","status":"1"}
2020-05-01 11:32:16.213  INFO 1225 --- [pool-1-thread-2] cn.codewjj.tiwen.impl.TimeCallable       : token获取eyJhbGciOiJIUzI1NiIsInR5cCI6IkpXVCJ9.eyJzdWIiOiJ0aGlzIGlzIGNvbW1vbiB0b2tlbiIsImF1ZCI6IldFQkFQUCIsImlzcyI6ImNldGNjaXR5IiwiZXhwIjoxNTg4MzQ3MTM2LCJ1c2VySWQiOjExMzgwLCJpYXQiOjE1ODgzMDM5MzZ9.c_z_inK8HP17cgYGwRHkvQ3YpLaDrKVsCeyV-oic_80
2020-05-01 11:32:16.298  INFO 1225 --- [pool-1-thread-2] cn.codewjj.tiwen.impl.TimeCallable       : 3168112102打卡成功===36.4
2020-05-01 11:32:25.215  INFO 1225 --- [pool-1-thread-5] cn.codewjj.tiwen.impl.TimeCallable       : 登陆返回：{"result":"success","msg":"登录成功！","status":200,"data":{"tblPersonName":"林铭斌","tblSchoolId":"1","tblPersonOrgStructureId":"0","tblPersonSchoolClassId":"182","groupList":[],"needChangePwd":0,"tblPersonStudentClass":"1601","tblPersonType":"2","token":"eyJhbGciOiJIUzI1NiIsInR5cCI6IkpXVCJ9.eyJzdWIiOiJ0aGlzIGlzIGNvbW1vbiB0b2tlbiIsImF1ZCI6IldFQkFQUCIsImlzcyI6ImNldGNjaXR5IiwiZXhwIjoxNTg4MzQ3MTQ1LCJ1c2VySWQiOjExNDI3LCJpYXQiOjE1ODgzMDM5NDV9.r1MfweKHeOg1nGJVVp152gaBsVxrPNaIFclaqZXA0SY","tblPersonId":"11427","tblPersonGender":1,"tblPersonContactNum":"15006008002","duty":"5","tblPersonStudentGrade":"物联网工程","status":"1"}}
2020-05-01 11:32:25.217  INFO 1225 --- [pool-1-thread-5] cn.codewjj.tiwen.impl.TimeCallable       : 用户信息：{"tblPersonName":"林铭斌","tblSchoolId":"1","tblPersonOrgStructureId":"0","tblPersonSchoolClassId":"182","groupList":[],"needChangePwd":0,"tblPersonStudentClass":"1601","tblPersonType":"2","token":"eyJhbGciOiJIUzI1NiIsInR5cCI6IkpXVCJ9.eyJzdWIiOiJ0aGlzIGlzIGNvbW1vbiB0b2tlbiIsImF1ZCI6IldFQkFQUCIsImlzcyI6ImNldGNjaXR5IiwiZXhwIjoxNTg4MzQ3MTQ1LCJ1c2VySWQiOjExNDI3LCJpYXQiOjE1ODgzMDM5NDV9.r1MfweKHeOg1nGJVVp152gaBsVxrPNaIFclaqZXA0SY","tblPersonId":"11427","tblPersonGender":1,"tblPersonContactNum":"15006008002","duty":"5","tblPersonStudentGrade":"物联网工程","status":"1"}
2020-05-01 11:32:25.217  INFO 1225 --- [pool-1-thread-5] cn.codewjj.tiwen.impl.TimeCallable       : token获取eyJhbGciOiJIUzI1NiIsInR5cCI6IkpXVCJ9.eyJzdWIiOiJ0aGlzIGlzIGNvbW1vbiB0b2tlbiIsImF1ZCI6IldFQkFQUCIsImlzcyI6ImNldGNjaXR5IiwiZXhwIjoxNTg4MzQ3MTQ1LCJ1c2VySWQiOjExNDI3LCJpYXQiOjE1ODgzMDM5NDV9.r1MfweKHeOg1nGJVVp152gaBsVxrPNaIFclaqZXA0SY
2020-05-01 11:32:25.303  INFO 1225 --- [pool-1-thread-5] cn.codewjj.tiwen.impl.TimeCallable       : 3168116113打卡成功===36.4
2020-05-01 11:34:07.656  INFO 1225 --- [pool-1-thread-4] cn.codewjj.tiwen.impl.TimeCallable       : 登陆返回：{"result":"success","msg":"登录成功！","status":200,"data":{"tblPersonName":"王俊杰","tblSchoolId":"1","tblPersonOrgStructureId":"0","tblPersonSchoolClassId":"182","groupList":[],"needChangePwd":0,"tblPersonStudentClass":"1601","tblPersonType":"2","token":"eyJhbGciOiJIUzI1NiIsInR5cCI6IkpXVCJ9.eyJzdWIiOiJ0aGlzIGlzIGNvbW1vbiB0b2tlbiIsImF1ZCI6IldFQkFQUCIsImlzcyI6ImNldGNjaXR5IiwiZXhwIjoxNTg4MzQ3MjQ3LCJ1c2VySWQiOjExNDQ4LCJpYXQiOjE1ODgzMDQwNDd9.NYrShFRG2vLvRpzwAWeJZ3qD_dUEzbF0sbxw-Dpmac0","tblPersonId":"11448","tblPersonGender":1,"tblPersonContactNum":"18860049235","duty":"5","tblPersonStudentGrade":"物联网工程","status":"1"}}
2020-05-01 11:34:07.657  INFO 1225 --- [pool-1-thread-4] cn.codewjj.tiwen.impl.TimeCallable       : 用户信息：{"tblPersonName":"王俊杰","tblSchoolId":"1","tblPersonOrgStructureId":"0","tblPersonSchoolClassId":"182","groupList":[],"needChangePwd":0,"tblPersonStudentClass":"1601","tblPersonType":"2","token":"eyJhbGciOiJIUzI1NiIsInR5cCI6IkpXVCJ9.eyJzdWIiOiJ0aGlzIGlzIGNvbW1vbiB0b2tlbiIsImF1ZCI6IldFQkFQUCIsImlzcyI6ImNldGNjaXR5IiwiZXhwIjoxNTg4MzQ3MjQ3LCJ1c2VySWQiOjExNDQ4LCJpYXQiOjE1ODgzMDQwNDd9.NYrShFRG2vLvRpzwAWeJZ3qD_dUEzbF0sbxw-Dpmac0","tblPersonId":"11448","tblPersonGender":1,"tblPersonContactNum":"18860049235","duty":"5","tblPersonStudentGrade":"物联网工程","status":"1"}
2020-05-01 11:34:07.658  INFO 1225 --- [pool-1-thread-4] cn.codewjj.tiwen.impl.TimeCallable       : token获取eyJhbGciOiJIUzI1NiIsInR5cCI6IkpXVCJ9.eyJzdWIiOiJ0aGlzIGlzIGNvbW1vbiB0b2tlbiIsImF1ZCI6IldFQkFQUCIsImlzcyI6ImNldGNjaXR5IiwiZXhwIjoxNTg4MzQ3MjQ3LCJ1c2VySWQiOjExNDQ4LCJpYXQiOjE1ODgzMDQwNDd9.NYrShFRG2vLvRpzwAWeJZ3qD_dUEzbF0sbxw-Dpmac0
2020-05-01 11:34:07.741  INFO 1225 --- [pool-1-thread-4] cn.codewjj.tiwen.impl.TimeCallable       : 3168116136打卡成功===36.5
2020-05-01 11:35:40.619  INFO 1225 --- [pool-1-thread-2] cn.codewjj.tiwen.impl.TimeCallable       : 登陆返回：{"result":"success","msg":"登录成功！","status":200,"data":{"tblPersonName":"陈芷晴","tblSchoolId":"1","tblPersonOrgStructureId":"0","tblPersonSchoolClassId":"175","groupList":[],"needChangePwd":0,"tblPersonStudentClass":"1601","tblPersonType":"2","token":"eyJhbGciOiJIUzI1NiIsInR5cCI6IkpXVCJ9.eyJzdWIiOiJ0aGlzIGlzIGNvbW1vbiB0b2tlbiIsImF1ZCI6IldFQkFQUCIsImlzcyI6ImNldGNjaXR5IiwiZXhwIjoxNTg4MzQ3MzQwLCJ1c2VySWQiOjExMzg1LCJpYXQiOjE1ODgzMDQxNDB9.B2Y93GZ5kr9-UxmyLhyyud6y0eSHHZ_hY5fw5Q3ZFR4","tblPersonId":"11385","tblPersonGender":0,"tblPersonContactNum":"18120906806","duty":"5","tblPersonStudentGrade":"市场营销","status":"1"}}
2020-05-01 11:35:40.620  INFO 1225 --- [pool-1-thread-2] cn.codewjj.tiwen.impl.TimeCallable       : 用户信息：{"tblPersonName":"陈芷晴","tblSchoolId":"1","tblPersonOrgStructureId":"0","tblPersonSchoolClassId":"175","groupList":[],"needChangePwd":0,"tblPersonStudentClass":"1601","tblPersonType":"2","token":"eyJhbGciOiJIUzI1NiIsInR5cCI6IkpXVCJ9.eyJzdWIiOiJ0aGlzIGlzIGNvbW1vbiB0b2tlbiIsImF1ZCI6IldFQkFQUCIsImlzcyI6ImNldGNjaXR5IiwiZXhwIjoxNTg4MzQ3MzQwLCJ1c2VySWQiOjExMzg1LCJpYXQiOjE1ODgzMDQxNDB9.B2Y93GZ5kr9-UxmyLhyyud6y0eSHHZ_hY5fw5Q3ZFR4","tblPersonId":"11385","tblPersonGender":0,"tblPersonContactNum":"18120906806","duty":"5","tblPersonStudentGrade":"市场营销","status":"1"}
2020-05-01 11:35:40.620  INFO 1225 --- [pool-1-thread-2] cn.codewjj.tiwen.impl.TimeCallable       : token获取eyJhbGciOiJIUzI1NiIsInR5cCI6IkpXVCJ9.eyJzdWIiOiJ0aGlzIGlzIGNvbW1vbiB0b2tlbiIsImF1ZCI6IldFQkFQUCIsImlzcyI6ImNldGNjaXR5IiwiZXhwIjoxNTg4MzQ3MzQwLCJ1c2VySWQiOjExMzg1LCJpYXQiOjE1ODgzMDQxNDB9.B2Y93GZ5kr9-UxmyLhyyud6y0eSHHZ_hY5fw5Q3ZFR4
2020-05-01 11:35:40.712  INFO 1225 --- [pool-1-thread-2] cn.codewjj.tiwen.impl.TimeCallable       : 3168112108打卡成功===36.5
2020-05-01 11:36:00.268  INFO 1225 --- [pool-1-thread-1] cn.codewjj.tiwen.impl.TimeCallable       : 登陆返回：{"result":"success","msg":"登录成功！","status":200,"data":{"tblPersonName":"张磊","tblSchoolId":"1","tblPersonOrgStructureId":"0","tblPersonSchoolClassId":"182","groupList":[],"needChangePwd":0,"tblPersonStudentClass":"1601","tblPersonType":"2","token":"eyJhbGciOiJIUzI1NiIsInR5cCI6IkpXVCJ9.eyJzdWIiOiJ0aGlzIGlzIGNvbW1vbiB0b2tlbiIsImF1ZCI6IldFQkFQUCIsImlzcyI6ImNldGNjaXR5IiwiZXhwIjoxNTg4MzQ3MzYwLCJ1c2VySWQiOjExNDE5LCJpYXQiOjE1ODgzMDQxNjB9.uXnnDRYFYsgau77baCQMtlAUs-IIRx2MiLvqR9xKglE","tblPersonId":"11419","tblPersonGender":1,"tblPersonContactNum":"17859016670","duty":"5","tblPersonStudentGrade":"物联网工程","status":"1"}}
2020-05-01 11:36:00.269  INFO 1225 --- [pool-1-thread-1] cn.codewjj.tiwen.impl.TimeCallable       : 用户信息：{"tblPersonName":"张磊","tblSchoolId":"1","tblPersonOrgStructureId":"0","tblPersonSchoolClassId":"182","groupList":[],"needChangePwd":0,"tblPersonStudentClass":"1601","tblPersonType":"2","token":"eyJhbGciOiJIUzI1NiIsInR5cCI6IkpXVCJ9.eyJzdWIiOiJ0aGlzIGlzIGNvbW1vbiB0b2tlbiIsImF1ZCI6IldFQkFQUCIsImlzcyI6ImNldGNjaXR5IiwiZXhwIjoxNTg4MzQ3MzYwLCJ1c2VySWQiOjExNDE5LCJpYXQiOjE1ODgzMDQxNjB9.uXnnDRYFYsgau77baCQMtlAUs-IIRx2MiLvqR9xKglE","tblPersonId":"11419","tblPersonGender":1,"tblPersonContactNum":"17859016670","duty":"5","tblPersonStudentGrade":"物联网工程","status":"1"}
2020-05-01 11:36:00.269  INFO 1225 --- [pool-1-thread-1] cn.codewjj.tiwen.impl.TimeCallable       : token获取eyJhbGciOiJIUzI1NiIsInR5cCI6IkpXVCJ9.eyJzdWIiOiJ0aGlzIGlzIGNvbW1vbiB0b2tlbiIsImF1ZCI6IldFQkFQUCIsImlzcyI6ImNldGNjaXR5IiwiZXhwIjoxNTg4MzQ3MzYwLCJ1c2VySWQiOjExNDE5LCJpYXQiOjE1ODgzMDQxNjB9.uXnnDRYFYsgau77baCQMtlAUs-IIRx2MiLvqR9xKglE
2020-05-01 11:36:00.352  INFO 1225 --- [pool-1-thread-1] cn.codewjj.tiwen.impl.TimeCallable       : 3168116105打卡成功===36.5
2020-05-01 11:36:06.644  INFO 1225 --- [pool-1-thread-5] cn.codewjj.tiwen.impl.TimeCallable       : 登陆返回：{"result":"success","msg":"登录成功！","status":200,"data":{"tblPersonName":"杨雯","tblSchoolId":"1","tblPersonOrgStructureId":"0","tblPersonSchoolClassId":"182","groupList":[],"needChangePwd":0,"tblPersonStudentClass":"1601","tblPersonType":"2","token":"eyJhbGciOiJIUzI1NiIsInR5cCI6IkpXVCJ9.eyJzdWIiOiJ0aGlzIGlzIGNvbW1vbiB0b2tlbiIsImF1ZCI6IldFQkFQUCIsImlzcyI6ImNldGNjaXR5IiwiZXhwIjoxNTg4MzQ3MzY2LCJ1c2VySWQiOjExNDU0LCJpYXQiOjE1ODgzMDQxNjZ9.F6ps8R-vLms2cld5bUl9oZwvS5CkTnbK47jKdCv9TSs","tblPersonId":"11454","tblPersonGender":0,"tblPersonContactNum":"15005083862","duty":"5","tblPersonStudentGrade":"物联网工程","status":"1"}}
2020-05-01 11:36:06.645  INFO 1225 --- [pool-1-thread-5] cn.codewjj.tiwen.impl.TimeCallable       : 用户信息：{"tblPersonName":"杨雯","tblSchoolId":"1","tblPersonOrgStructureId":"0","tblPersonSchoolClassId":"182","groupList":[],"needChangePwd":0,"tblPersonStudentClass":"1601","tblPersonType":"2","token":"eyJhbGciOiJIUzI1NiIsInR5cCI6IkpXVCJ9.eyJzdWIiOiJ0aGlzIGlzIGNvbW1vbiB0b2tlbiIsImF1ZCI6IldFQkFQUCIsImlzcyI6ImNldGNjaXR5IiwiZXhwIjoxNTg4MzQ3MzY2LCJ1c2VySWQiOjExNDU0LCJpYXQiOjE1ODgzMDQxNjZ9.F6ps8R-vLms2cld5bUl9oZwvS5CkTnbK47jKdCv9TSs","tblPersonId":"11454","tblPersonGender":0,"tblPersonContactNum":"15005083862","duty":"5","tblPersonStudentGrade":"物联网工程","status":"1"}
2020-05-01 11:36:06.645  INFO 1225 --- [pool-1-thread-5] cn.codewjj.tiwen.impl.TimeCallable       : token获取eyJhbGciOiJIUzI1NiIsInR5cCI6IkpXVCJ9.eyJzdWIiOiJ0aGlzIGlzIGNvbW1vbiB0b2tlbiIsImF1ZCI6IldFQkFQUCIsImlzcyI6ImNldGNjaXR5IiwiZXhwIjoxNTg4MzQ3MzY2LCJ1c2VySWQiOjExNDU0LCJpYXQiOjE1ODgzMDQxNjZ9.F6ps8R-vLms2cld5bUl9oZwvS5CkTnbK47jKdCv9TSs
2020-05-01 11:36:06.731  INFO 1225 --- [pool-1-thread-5] cn.codewjj.tiwen.impl.TimeCallable       : 3168116143打卡成功===36.3
2020-05-01 11:36:22.712  INFO 1225 --- [pool-1-thread-1] cn.codewjj.tiwen.impl.TimeCallable       : 登陆返回：{"result":"success","msg":"登录成功！","status":200,"data":{"tblPersonName":"吕俊","tblSchoolId":"1","tblPersonOrgStructureId":"0","tblPersonSchoolClassId":"182","groupList":[],"needChangePwd":0,"tblPersonStudentClass":"1601","tblPersonType":"2","token":"eyJhbGciOiJIUzI1NiIsInR5cCI6IkpXVCJ9.eyJzdWIiOiJ0aGlzIGlzIGNvbW1vbiB0b2tlbiIsImF1ZCI6IldFQkFQUCIsImlzcyI6ImNldGNjaXR5IiwiZXhwIjoxNTg4MzQ3MzgyLCJ1c2VySWQiOjExNDQ2LCJpYXQiOjE1ODgzMDQxODJ9.E9_iYPMPYdoKUyzr5TTi2tGN8ZJT1Nf_-w5aYqHqNz0","tblPersonId":"11446","tblPersonGender":1,"tblPersonContactNum":"18850016921","duty":"5","tblPersonStudentGrade":"物联网工程","status":"1"}}
2020-05-01 11:36:22.713  INFO 1225 --- [pool-1-thread-1] cn.codewjj.tiwen.impl.TimeCallable       : 用户信息：{"tblPersonName":"吕俊","tblSchoolId":"1","tblPersonOrgStructureId":"0","tblPersonSchoolClassId":"182","groupList":[],"needChangePwd":0,"tblPersonStudentClass":"1601","tblPersonType":"2","token":"eyJhbGciOiJIUzI1NiIsInR5cCI6IkpXVCJ9.eyJzdWIiOiJ0aGlzIGlzIGNvbW1vbiB0b2tlbiIsImF1ZCI6IldFQkFQUCIsImlzcyI6ImNldGNjaXR5IiwiZXhwIjoxNTg4MzQ3MzgyLCJ1c2VySWQiOjExNDQ2LCJpYXQiOjE1ODgzMDQxODJ9.E9_iYPMPYdoKUyzr5TTi2tGN8ZJT1Nf_-w5aYqHqNz0","tblPersonId":"11446","tblPersonGender":1,"tblPersonContactNum":"18850016921","duty":"5","tblPersonStudentGrade":"物联网工程","status":"1"}
2020-05-01 11:36:22.714  INFO 1225 --- [pool-1-thread-1] cn.codewjj.tiwen.impl.TimeCallable       : token获取eyJhbGciOiJIUzI1NiIsInR5cCI6IkpXVCJ9.eyJzdWIiOiJ0aGlzIGlzIGNvbW1vbiB0b2tlbiIsImF1ZCI6IldFQkFQUCIsImlzcyI6ImNldGNjaXR5IiwiZXhwIjoxNTg4MzQ3MzgyLCJ1c2VySWQiOjExNDQ2LCJpYXQiOjE1ODgzMDQxODJ9.E9_iYPMPYdoKUyzr5TTi2tGN8ZJT1Nf_-w5aYqHqNz0
2020-05-01 11:36:22.799  INFO 1225 --- [pool-1-thread-1] cn.codewjj.tiwen.impl.TimeCallable       : 3168116134打卡成功===36.3
2020-05-01 11:36:34.026  INFO 1225 --- [pool-1-thread-3] cn.codewjj.tiwen.impl.TimeCallable       : 登陆返回：{"result":"success","msg":"登录成功！","status":200,"data":{"tblPersonName":"陈雅鑫","tblSchoolId":"1","tblPersonOrgStructureId":"1","tblPersonSchoolClassId":"182","groupList":[],"needChangePwd":1,"tblPersonStudentClass":"1601","tblPersonType":"2","token":"eyJhbGciOiJIUzI1NiIsInR5cCI6IkpXVCJ9.eyJzdWIiOiJ0aGlzIGlzIGNvbW1vbiB0b2tlbiIsImF1ZCI6IldFQkFQUCIsImlzcyI6ImNldGNjaXR5IiwiZXhwIjoxNTg4MzQ3Mzk0LCJ1c2VySWQiOjExNDMyLCJpYXQiOjE1ODgzMDQxOTR9.0Ax6cSAYcnKtsEUEBGD5SeEShuK4G2n6vPR8elUBw-0","tblPersonId":"11432","tblPersonGender":0,"tblPersonContactNum":"17689263992","duty":"5","tblPersonStudentGrade":"物联网工程","status":"1"}}
2020-05-01 11:36:34.027  INFO 1225 --- [pool-1-thread-3] cn.codewjj.tiwen.impl.TimeCallable       : 用户信息：{"tblPersonName":"陈雅鑫","tblSchoolId":"1","tblPersonOrgStructureId":"1","tblPersonSchoolClassId":"182","groupList":[],"needChangePwd":1,"tblPersonStudentClass":"1601","tblPersonType":"2","token":"eyJhbGciOiJIUzI1NiIsInR5cCI6IkpXVCJ9.eyJzdWIiOiJ0aGlzIGlzIGNvbW1vbiB0b2tlbiIsImF1ZCI6IldFQkFQUCIsImlzcyI6ImNldGNjaXR5IiwiZXhwIjoxNTg4MzQ3Mzk0LCJ1c2VySWQiOjExNDMyLCJpYXQiOjE1ODgzMDQxOTR9.0Ax6cSAYcnKtsEUEBGD5SeEShuK4G2n6vPR8elUBw-0","tblPersonId":"11432","tblPersonGender":0,"tblPersonContactNum":"17689263992","duty":"5","tblPersonStudentGrade":"物联网工程","status":"1"}
2020-05-01 11:36:34.028  INFO 1225 --- [pool-1-thread-3] cn.codewjj.tiwen.impl.TimeCallable       : token获取eyJhbGciOiJIUzI1NiIsInR5cCI6IkpXVCJ9.eyJzdWIiOiJ0aGlzIGlzIGNvbW1vbiB0b2tlbiIsImF1ZCI6IldFQkFQUCIsImlzcyI6ImNldGNjaXR5IiwiZXhwIjoxNTg4MzQ3Mzk0LCJ1c2VySWQiOjExNDMyLCJpYXQiOjE1ODgzMDQxOTR9.0Ax6cSAYcnKtsEUEBGD5SeEShuK4G2n6vPR8elUBw-0
2020-05-01 11:36:34.115  INFO 1225 --- [pool-1-thread-3] cn.codewjj.tiwen.impl.TimeCallable       : 3168116118打卡成功===36.3
2020-05-01 11:36:59.109  INFO 1225 --- [pool-1-thread-4] cn.codewjj.tiwen.impl.TimeCallable       : 登陆返回：{"result":"success","msg":"账号或密码错误！","status":200,"data":false}
2020-05-01 11:36:59.110  INFO 1225 --- [pool-1-thread-4] cn.codewjj.tiwen.impl.TimeCallable       : 用户信息：false
2020-05-01 11:36:59.110 ERROR 1225 --- [pool-1-thread-4] cn.codewjj.tiwen.impl.TimeCallable       : 3168115135账号或密码错误
2020-05-01 11:37:22.455  INFO 1225 --- [pool-1-thread-3] cn.codewjj.tiwen.impl.TimeCallable       : 登陆返回：{"result":"success","msg":"登录成功！","status":200,"data":{"tblPersonName":"陈宇轩","tblSchoolId":"1","tblPersonOrgStructureId":"0","tblPersonSchoolClassId":"196","groupList":[],"needChangePwd":0,"tblPersonStudentClass":"1601","tblPersonType":"2","token":"eyJhbGciOiJIUzI1NiIsInR5cCI6IkpXVCJ9.eyJzdWIiOiJ0aGlzIGlzIGNvbW1vbiB0b2tlbiIsImF1ZCI6IldFQkFQUCIsImlzcyI6ImNldGNjaXR5IiwiZXhwIjoxNTg4MzQ3NDQyLCJ1c2VySWQiOjExNTU0LCJpYXQiOjE1ODgzMDQyNDJ9.odSMkdRhAGvFdzUBD428g8jqUdjJG7WYg1Xkzcu1bC4","tblPersonId":"11554","tblPersonGender":1,"tblPersonContactNum":"15659155488","duty":"5","tblPersonStudentGrade":"信息管理与信息系统","status":"1"}}
2020-05-01 11:37:22.456  INFO 1225 --- [pool-1-thread-3] cn.codewjj.tiwen.impl.TimeCallable       : 用户信息：{"tblPersonName":"陈宇轩","tblSchoolId":"1","tblPersonOrgStructureId":"0","tblPersonSchoolClassId":"196","groupList":[],"needChangePwd":0,"tblPersonStudentClass":"1601","tblPersonType":"2","token":"eyJhbGciOiJIUzI1NiIsInR5cCI6IkpXVCJ9.eyJzdWIiOiJ0aGlzIGlzIGNvbW1vbiB0b2tlbiIsImF1ZCI6IldFQkFQUCIsImlzcyI6ImNldGNjaXR5IiwiZXhwIjoxNTg4MzQ3NDQyLCJ1c2VySWQiOjExNTU0LCJpYXQiOjE1ODgzMDQyNDJ9.odSMkdRhAGvFdzUBD428g8jqUdjJG7WYg1Xkzcu1bC4","tblPersonId":"11554","tblPersonGender":1,"tblPersonContactNum":"15659155488","duty":"5","tblPersonStudentGrade":"信息管理与信息系统","status":"1"}
2020-05-01 11:37:22.457  INFO 1225 --- [pool-1-thread-3] cn.codewjj.tiwen.impl.TimeCallable       : token获取eyJhbGciOiJIUzI1NiIsInR5cCI6IkpXVCJ9.eyJzdWIiOiJ0aGlzIGlzIGNvbW1vbiB0b2tlbiIsImF1ZCI6IldFQkFQUCIsImlzcyI6ImNldGNjaXR5IiwiZXhwIjoxNTg4MzQ3NDQyLCJ1c2VySWQiOjExNTU0LCJpYXQiOjE1ODgzMDQyNDJ9.odSMkdRhAGvFdzUBD428g8jqUdjJG7WYg1Xkzcu1bC4
2020-05-01 11:37:22.541  INFO 1225 --- [pool-1-thread-3] cn.codewjj.tiwen.impl.TimeCallable       : 3168111112打卡成功===36.5
2020-05-01 11:38:08.053  INFO 1225 --- [pool-1-thread-5] cn.codewjj.tiwen.impl.TimeCallable       : 登陆返回：{"result":"success","msg":"登录成功！","status":200,"data":{"tblPersonName":"黄强","tblSchoolId":"1","tblPersonOrgStructureId":"0","tblPersonSchoolClassId":"182","groupList":[],"needChangePwd":0,"tblPersonStudentClass":"1601","tblPersonType":"2","token":"eyJhbGciOiJIUzI1NiIsInR5cCI6IkpXVCJ9.eyJzdWIiOiJ0aGlzIGlzIGNvbW1vbiB0b2tlbiIsImF1ZCI6IldFQkFQUCIsImlzcyI6ImNldGNjaXR5IiwiZXhwIjoxNTg4MzQ3NDg4LCJ1c2VySWQiOjExNDUwLCJpYXQiOjE1ODgzMDQyODh9.qM0f482G6w4QEhSx5oa3x6WSPTvpqfxJbxE_LBVMXqo","tblPersonId":"11450","tblPersonGender":1,"tblPersonContactNum":"18805078017","duty":"5","tblPersonStudentGrade":"物联网工程","status":"1"}}
2020-05-01 11:38:08.054  INFO 1225 --- [pool-1-thread-5] cn.codewjj.tiwen.impl.TimeCallable       : 用户信息：{"tblPersonName":"黄强","tblSchoolId":"1","tblPersonOrgStructureId":"0","tblPersonSchoolClassId":"182","groupList":[],"needChangePwd":0,"tblPersonStudentClass":"1601","tblPersonType":"2","token":"eyJhbGciOiJIUzI1NiIsInR5cCI6IkpXVCJ9.eyJzdWIiOiJ0aGlzIGlzIGNvbW1vbiB0b2tlbiIsImF1ZCI6IldFQkFQUCIsImlzcyI6ImNldGNjaXR5IiwiZXhwIjoxNTg4MzQ3NDg4LCJ1c2VySWQiOjExNDUwLCJpYXQiOjE1ODgzMDQyODh9.qM0f482G6w4QEhSx5oa3x6WSPTvpqfxJbxE_LBVMXqo","tblPersonId":"11450","tblPersonGender":1,"tblPersonContactNum":"18805078017","duty":"5","tblPersonStudentGrade":"物联网工程","status":"1"}
2020-05-01 11:38:08.055  INFO 1225 --- [pool-1-thread-5] cn.codewjj.tiwen.impl.TimeCallable       : token获取eyJhbGciOiJIUzI1NiIsInR5cCI6IkpXVCJ9.eyJzdWIiOiJ0aGlzIGlzIGNvbW1vbiB0b2tlbiIsImF1ZCI6IldFQkFQUCIsImlzcyI6ImNldGNjaXR5IiwiZXhwIjoxNTg4MzQ3NDg4LCJ1c2VySWQiOjExNDUwLCJpYXQiOjE1ODgzMDQyODh9.qM0f482G6w4QEhSx5oa3x6WSPTvpqfxJbxE_LBVMXqo
2020-05-01 11:38:08.142  INFO 1225 --- [pool-1-thread-5] cn.codewjj.tiwen.impl.TimeCallable       : 3168116138打卡成功===36.3
2020-05-01 11:38:22.128  INFO 1225 --- [pool-1-thread-1] cn.codewjj.tiwen.impl.TimeCallable       : 登陆返回：{"result":"success","msg":"登录成功！","status":200,"data":{"tblPersonName":"陆陈凤","tblSchoolId":"1","tblPersonOrgStructureId":"0","tblPersonSchoolClassId":"182","groupList":[],"needChangePwd":0,"tblPersonStudentClass":"1601","tblPersonType":"2","token":"eyJhbGciOiJIUzI1NiIsInR5cCI6IkpXVCJ9.eyJzdWIiOiJ0aGlzIGlzIGNvbW1vbiB0b2tlbiIsImF1ZCI6IldFQkFQUCIsImlzcyI6ImNldGNjaXR5IiwiZXhwIjoxNTg4MzQ3NTAyLCJ1c2VySWQiOjExNDMwLCJpYXQiOjE1ODgzMDQzMDJ9.RdjCkOK5Eqo_rg0Mb2lYsrtV7ZBbXll5KceDzs-5P1U","tblPersonId":"11430","tblPersonGender":1,"tblPersonContactNum":"15606029287","duty":"5","tblPersonStudentGrade":"物联网工程","status":"1"}}
2020-05-01 11:38:22.129  INFO 1225 --- [pool-1-thread-1] cn.codewjj.tiwen.impl.TimeCallable       : 用户信息：{"tblPersonName":"陆陈凤","tblSchoolId":"1","tblPersonOrgStructureId":"0","tblPersonSchoolClassId":"182","groupList":[],"needChangePwd":0,"tblPersonStudentClass":"1601","tblPersonType":"2","token":"eyJhbGciOiJIUzI1NiIsInR5cCI6IkpXVCJ9.eyJzdWIiOiJ0aGlzIGlzIGNvbW1vbiB0b2tlbiIsImF1ZCI6IldFQkFQUCIsImlzcyI6ImNldGNjaXR5IiwiZXhwIjoxNTg4MzQ3NTAyLCJ1c2VySWQiOjExNDMwLCJpYXQiOjE1ODgzMDQzMDJ9.RdjCkOK5Eqo_rg0Mb2lYsrtV7ZBbXll5KceDzs-5P1U","tblPersonId":"11430","tblPersonGender":1,"tblPersonContactNum":"15606029287","duty":"5","tblPersonStudentGrade":"物联网工程","status":"1"}
2020-05-01 11:38:22.130  INFO 1225 --- [pool-1-thread-1] cn.codewjj.tiwen.impl.TimeCallable       : token获取eyJhbGciOiJIUzI1NiIsInR5cCI6IkpXVCJ9.eyJzdWIiOiJ0aGlzIGlzIGNvbW1vbiB0b2tlbiIsImF1ZCI6IldFQkFQUCIsImlzcyI6ImNldGNjaXR5IiwiZXhwIjoxNTg4MzQ3NTAyLCJ1c2VySWQiOjExNDMwLCJpYXQiOjE1ODgzMDQzMDJ9.RdjCkOK5Eqo_rg0Mb2lYsrtV7ZBbXll5KceDzs-5P1U
2020-05-01 11:38:22.212  INFO 1225 --- [pool-1-thread-1] cn.codewjj.tiwen.impl.TimeCallable       : 3168116116打卡成功===36.6
2020-05-01 11:40:11.114  INFO 1225 --- [pool-1-thread-2] cn.codewjj.tiwen.impl.TimeCallable       : 登陆返回：{"result":"success","msg":"登录成功！","status":200,"data":{"tblPersonName":"刘信钦","tblSchoolId":"1","tblPersonOrgStructureId":"0","tblPersonSchoolClassId":"182","groupList":[],"needChangePwd":0,"tblPersonStudentClass":"1601","tblPersonType":"2","token":"eyJhbGciOiJIUzI1NiIsInR5cCI6IkpXVCJ9.eyJzdWIiOiJ0aGlzIGlzIGNvbW1vbiB0b2tlbiIsImF1ZCI6IldFQkFQUCIsImlzcyI6ImNldGNjaXR5IiwiZXhwIjoxNTg4MzQ3NjExLCJ1c2VySWQiOjExNDU3LCJpYXQiOjE1ODgzMDQ0MTF9.WiwpjOSJIt36fMEqcePck_lYUkouYfq5tW1SccbeURk","tblPersonId":"11457","tblPersonGender":1,"tblPersonContactNum":"13599510832","duty":"5","tblPersonStudentGrade":"物联网工程","status":"1"}}
2020-05-01 11:40:11.115  INFO 1225 --- [pool-1-thread-2] cn.codewjj.tiwen.impl.TimeCallable       : 用户信息：{"tblPersonName":"刘信钦","tblSchoolId":"1","tblPersonOrgStructureId":"0","tblPersonSchoolClassId":"182","groupList":[],"needChangePwd":0,"tblPersonStudentClass":"1601","tblPersonType":"2","token":"eyJhbGciOiJIUzI1NiIsInR5cCI6IkpXVCJ9.eyJzdWIiOiJ0aGlzIGlzIGNvbW1vbiB0b2tlbiIsImF1ZCI6IldFQkFQUCIsImlzcyI6ImNldGNjaXR5IiwiZXhwIjoxNTg4MzQ3NjExLCJ1c2VySWQiOjExNDU3LCJpYXQiOjE1ODgzMDQ0MTF9.WiwpjOSJIt36fMEqcePck_lYUkouYfq5tW1SccbeURk","tblPersonId":"11457","tblPersonGender":1,"tblPersonContactNum":"13599510832","duty":"5","tblPersonStudentGrade":"物联网工程","status":"1"}
2020-05-01 11:40:11.115  INFO 1225 --- [pool-1-thread-2] cn.codewjj.tiwen.impl.TimeCallable       : token获取eyJhbGciOiJIUzI1NiIsInR5cCI6IkpXVCJ9.eyJzdWIiOiJ0aGlzIGlzIGNvbW1vbiB0b2tlbiIsImF1ZCI6IldFQkFQUCIsImlzcyI6ImNldGNjaXR5IiwiZXhwIjoxNTg4MzQ3NjExLCJ1c2VySWQiOjExNDU3LCJpYXQiOjE1ODgzMDQ0MTF9.WiwpjOSJIt36fMEqcePck_lYUkouYfq5tW1SccbeURk
2020-05-01 11:40:11.211  INFO 1225 --- [pool-1-thread-2] cn.codewjj.tiwen.impl.TimeCallable       : 3168116147打卡成功===36.4
2020-05-01 11:41:00.461  INFO 1225 --- [pool-1-thread-4] cn.codewjj.tiwen.impl.TimeCallable       : 登陆返回：{"result":"success","msg":"登录成功！","status":200,"data":{"tblPersonName":"黄存斌","tblSchoolId":"1","tblPersonOrgStructureId":"0","tblPersonSchoolClassId":"182","groupList":[],"needChangePwd":0,"tblPersonStudentClass":"1601","tblPersonType":"2","token":"eyJhbGciOiJIUzI1NiIsInR5cCI6IkpXVCJ9.eyJzdWIiOiJ0aGlzIGlzIGNvbW1vbiB0b2tlbiIsImF1ZCI6IldFQkFQUCIsImlzcyI6ImNldGNjaXR5IiwiZXhwIjoxNTg4MzQ3NjYwLCJ1c2VySWQiOjExNDE3LCJpYXQiOjE1ODgzMDQ0NjB9.J4_zhvfqXY3KULJobnzyygl7NSSDqVbl37AeQ4CzE20","tblPersonId":"11417","tblPersonGender":1,"tblPersonContactNum":"18596763099","duty":"5","tblPersonStudentGrade":"物联网工程","status":"1"}}
2020-05-01 11:41:00.462  INFO 1225 --- [pool-1-thread-4] cn.codewjj.tiwen.impl.TimeCallable       : 用户信息：{"tblPersonName":"黄存斌","tblSchoolId":"1","tblPersonOrgStructureId":"0","tblPersonSchoolClassId":"182","groupList":[],"needChangePwd":0,"tblPersonStudentClass":"1601","tblPersonType":"2","token":"eyJhbGciOiJIUzI1NiIsInR5cCI6IkpXVCJ9.eyJzdWIiOiJ0aGlzIGlzIGNvbW1vbiB0b2tlbiIsImF1ZCI6IldFQkFQUCIsImlzcyI6ImNldGNjaXR5IiwiZXhwIjoxNTg4MzQ3NjYwLCJ1c2VySWQiOjExNDE3LCJpYXQiOjE1ODgzMDQ0NjB9.J4_zhvfqXY3KULJobnzyygl7NSSDqVbl37AeQ4CzE20","tblPersonId":"11417","tblPersonGender":1,"tblPersonContactNum":"18596763099","duty":"5","tblPersonStudentGrade":"物联网工程","status":"1"}
2020-05-01 11:41:00.463  INFO 1225 --- [pool-1-thread-4] cn.codewjj.tiwen.impl.TimeCallable       : token获取eyJhbGciOiJIUzI1NiIsInR5cCI6IkpXVCJ9.eyJzdWIiOiJ0aGlzIGlzIGNvbW1vbiB0b2tlbiIsImF1ZCI6IldFQkFQUCIsImlzcyI6ImNldGNjaXR5IiwiZXhwIjoxNTg4MzQ3NjYwLCJ1c2VySWQiOjExNDE3LCJpYXQiOjE1ODgzMDQ0NjB9.J4_zhvfqXY3KULJobnzyygl7NSSDqVbl37AeQ4CzE20
2020-05-01 11:41:00.553  INFO 1225 --- [pool-1-thread-4] cn.codewjj.tiwen.impl.TimeCallable       : 3168116103打卡成功===36.5
2020-05-01 11:41:21.473  INFO 1225 --- [pool-1-thread-5] cn.codewjj.tiwen.impl.TimeCallable       : 登陆返回：{"result":"success","msg":"登录成功！","status":200,"data":{"tblPersonName":"俞婷","tblSchoolId":"1","tblPersonOrgStructureId":"0","tblPersonSchoolClassId":"174","groupList":[],"needChangePwd":0,"tblPersonStudentClass":"1602","tblPersonType":"2","token":"eyJhbGciOiJIUzI1NiIsInR5cCI6IkpXVCJ9.eyJzdWIiOiJ0aGlzIGlzIGNvbW1vbiB0b2tlbiIsImF1ZCI6IldFQkFQUCIsImlzcyI6ImNldGNjaXR5IiwiZXhwIjoxNTg4MzQ3NjgxLCJ1c2VySWQiOjEzMDM4LCJpYXQiOjE1ODgzMDQ0ODF9.BrvWPXOfJs7pFmD-Mo6IXl-kMhyGuSLnlGXqBJjePlY","tblPersonId":"13038","tblPersonGender":0,"tblPersonContactNum":"13163893320","duty":"5","tblPersonStudentGrade":"视觉传达设计","status":"1"}}
2020-05-01 11:41:21.474  INFO 1225 --- [pool-1-thread-5] cn.codewjj.tiwen.impl.TimeCallable       : 用户信息：{"tblPersonName":"俞婷","tblSchoolId":"1","tblPersonOrgStructureId":"0","tblPersonSchoolClassId":"174","groupList":[],"needChangePwd":0,"tblPersonStudentClass":"1602","tblPersonType":"2","token":"eyJhbGciOiJIUzI1NiIsInR5cCI6IkpXVCJ9.eyJzdWIiOiJ0aGlzIGlzIGNvbW1vbiB0b2tlbiIsImF1ZCI6IldFQkFQUCIsImlzcyI6ImNldGNjaXR5IiwiZXhwIjoxNTg4MzQ3NjgxLCJ1c2VySWQiOjEzMDM4LCJpYXQiOjE1ODgzMDQ0ODF9.BrvWPXOfJs7pFmD-Mo6IXl-kMhyGuSLnlGXqBJjePlY","tblPersonId":"13038","tblPersonGender":0,"tblPersonContactNum":"13163893320","duty":"5","tblPersonStudentGrade":"视觉传达设计","status":"1"}
2020-05-01 11:41:21.474  INFO 1225 --- [pool-1-thread-5] cn.codewjj.tiwen.impl.TimeCallable       : token获取eyJhbGciOiJIUzI1NiIsInR5cCI6IkpXVCJ9.eyJzdWIiOiJ0aGlzIGlzIGNvbW1vbiB0b2tlbiIsImF1ZCI6IldFQkFQUCIsImlzcyI6ImNldGNjaXR5IiwiZXhwIjoxNTg4MzQ3NjgxLCJ1c2VySWQiOjEzMDM4LCJpYXQiOjE1ODgzMDQ0ODF9.BrvWPXOfJs7pFmD-Mo6IXl-kMhyGuSLnlGXqBJjePlY
2020-05-01 11:41:21.574  INFO 1225 --- [pool-1-thread-5] cn.codewjj.tiwen.impl.TimeCallable       : 3168122229打卡成功===36.3
2020-05-01 11:42:02.888  INFO 1225 --- [pool-1-thread-3] cn.codewjj.tiwen.impl.TimeCallable       : 登陆返回：{"result":"success","msg":"登录成功！","status":200,"data":{"tblPersonName":"曾俊","tblSchoolId":"1","tblPersonOrgStructureId":"0","tblPersonSchoolClassId":"182","groupList":[],"needChangePwd":0,"tblPersonStudentClass":"1601","tblPersonType":"2","token":"eyJhbGciOiJIUzI1NiIsInR5cCI6IkpXVCJ9.eyJzdWIiOiJ0aGlzIGlzIGNvbW1vbiB0b2tlbiIsImF1ZCI6IldFQkFQUCIsImlzcyI6ImNldGNjaXR5IiwiZXhwIjoxNTg4MzQ3NzIyLCJ1c2VySWQiOjExNDM5LCJpYXQiOjE1ODgzMDQ1MjJ9.OfBQQZdJ9plgvBtbUPLYMJhSs_roWJl7JwFLQelTxhs","tblPersonId":"11439","tblPersonGender":1,"tblPersonContactNum":"15860786032","duty":"5","tblPersonStudentGrade":"物联网工程","status":"1"}}
2020-05-01 11:42:02.889  INFO 1225 --- [pool-1-thread-3] cn.codewjj.tiwen.impl.TimeCallable       : 用户信息：{"tblPersonName":"曾俊","tblSchoolId":"1","tblPersonOrgStructureId":"0","tblPersonSchoolClassId":"182","groupList":[],"needChangePwd":0,"tblPersonStudentClass":"1601","tblPersonType":"2","token":"eyJhbGciOiJIUzI1NiIsInR5cCI6IkpXVCJ9.eyJzdWIiOiJ0aGlzIGlzIGNvbW1vbiB0b2tlbiIsImF1ZCI6IldFQkFQUCIsImlzcyI6ImNldGNjaXR5IiwiZXhwIjoxNTg4MzQ3NzIyLCJ1c2VySWQiOjExNDM5LCJpYXQiOjE1ODgzMDQ1MjJ9.OfBQQZdJ9plgvBtbUPLYMJhSs_roWJl7JwFLQelTxhs","tblPersonId":"11439","tblPersonGender":1,"tblPersonContactNum":"15860786032","duty":"5","tblPersonStudentGrade":"物联网工程","status":"1"}
2020-05-01 11:42:02.889  INFO 1225 --- [pool-1-thread-3] cn.codewjj.tiwen.impl.TimeCallable       : token获取eyJhbGciOiJIUzI1NiIsInR5cCI6IkpXVCJ9.eyJzdWIiOiJ0aGlzIGlzIGNvbW1vbiB0b2tlbiIsImF1ZCI6IldFQkFQUCIsImlzcyI6ImNldGNjaXR5IiwiZXhwIjoxNTg4MzQ3NzIyLCJ1c2VySWQiOjExNDM5LCJpYXQiOjE1ODgzMDQ1MjJ9.OfBQQZdJ9plgvBtbUPLYMJhSs_roWJl7JwFLQelTxhs
2020-05-01 11:42:02.975  INFO 1225 --- [pool-1-thread-3] cn.codewjj.tiwen.impl.TimeCallable       : 3168116127打卡成功===36.5
2020-05-01 21:42:11.974  INFO 1225 --- [SpringContextShutdownHook] o.s.s.c.ThreadPoolTaskScheduler          : Shutting down ExecutorService 'taskScheduler'
2020-05-01 21:42:11.976  INFO 1225 --- [SpringContextShutdownHook] o.s.s.concurrent.ThreadPoolTaskExecutor  : Shutting down ExecutorService 'applicationTaskExecutor'
2020-05-01 21:42:11.978  INFO 1225 --- [SpringContextShutdownHook] com.alibaba.druid.pool.DruidDataSource   : {dataSource-1} closing ...
2020-05-01 21:42:11.979  INFO 1225 --- [SpringContextShutdownHook] com.alibaba.druid.pool.DruidDataSource   : {dataSource-1} closed
